This is pdfTeX, Version 3.141592653-2.6-1.40.27 (MiKTeX 25.3) (preloaded format=pdflatex 2025.4.20)  1 OCT 2025 13:50
entering extended mode
 restricted \write18 enabled.
 file:line:error style messages enabled.
 %&-line parsing enabled.
**c:/Users/angel/Desktop/TFG-PhenoScore/TFGsignes.tex
(c:/Users/angel/Desktop/TFG-PhenoScore/TFGsignes.tex
LaTeX2e <2024-11-01> patch level 2
L3 programming layer <2025-03-26>
(tfgetsinf.cls
Document Class: tfgetsinf 2015/05/04 v1 LaTeX document class
(C:\Users\angel\AppData\Local\Programs\MiKTeX\tex/latex/base\book.cls
Document Class: book 2024/06/29 v1.4n Standard LaTeX document class
(C:\Users\angel\AppData\Local\Programs\MiKTeX\tex/latex/base\bk11.clo
File: bk11.clo 2024/06/29 v1.4n Standard LaTeX file (size option)
)
\c@part=\count197
\c@chapter=\count198
\c@section=\count199
\c@subsection=\count266
\c@subsubsection=\count267
\c@paragraph=\count268
\c@subparagraph=\count269
\c@figure=\count270
\c@table=\count271
\abovecaptionskip=\skip49
\belowcaptionskip=\skip50
\bibindent=\dimen146
) (C:\Users\angel\AppData\Local\Programs\MiKTeX\tex/latex/base\fontenc.sty
Package: fontenc 2021/04/29 v2.0v Standard LaTeX package
) (C:\Users\angel\AppData\Local\Programs\MiKTeX\tex/generic/babel\babel.sty
Package: babel 2025/03/27 v25.6 The multilingual framework for pdfLaTeX, LuaLaTeX and XeLaTeX
\babel@savecnt=\count272
\U@D=\dimen147
\l@unhyphenated=\language79
 (C:\Users\angel\AppData\Local\Programs\MiKTeX\tex/generic/babel\txtbabel.def)
\bbl@readstream=\read2
\bbl@dirlevel=\count273

*************************************
* Local config file bblopts.cfg used
*
(C:\Users\angel\AppData\Local\Programs\MiKTeX\tex/latex/arabi\bblopts.cfg
File: bblopts.cfg 2005/09/08 v0.1 add Arabic and Farsi to "declared" options of babel
)
Package babel Info: Main language set with 'main='. Except if you have
(babel)             problems, prefer the default mechanism for setting
(babel)             the main language, i.e., as the last declared.
(babel)             Reported on input line 4120.
 (C:\Users\angel\AppData\Local\Programs\MiKTeX\tex/latex/babel-english\english.ldf
Language: english 2017/06/06 v3.3r English support from the babel system
Package babel Info: Hyphen rules for 'canadian' set to \l@english
(babel)             (\language0). Reported on input line 102.
Package babel Info: Hyphen rules for 'australian' set to \l@ukenglish
(babel)             (\language73). Reported on input line 105.
Package babel Info: Hyphen rules for 'newzealand' set to \l@ukenglish
(babel)             (\language73). Reported on input line 108.
) (C:\Users\angel\AppData\Local\Programs\MiKTeX\tex/latex/babel-catalan\catalan.ldf
Language: catalan 2005/03/29 v2.2p Catalan support from the babel system
Package babel Info: Making " an active character on input line 91.
\leftllkern=\dimen148
\rightllkern=\dimen149
\raiselldim=\dimen150
) (C:\Users\angel\AppData\Local\Programs\MiKTeX\tex/latex/babel-spanish\spanish.ldf
Language: spanish.ldf 2021/05/27 v5.0q Spanish support from the babel system
\es@quottoks=\toks17
\es@quotdepth=\count274
Package babel Info: Making . an active character on input line 675.
Package babel Info: Making < an active character on input line 722.
Package babel Info: Making > an active character on input line 722.
)) (C:\Users\angel\AppData\Local\Programs\MiKTeX\tex/generic/babel/locale/es\babel-spanish.tex
Package babel Info: Importing font and identification data for spanish
(babel)             from babel-es.ini. Reported on input line 11.
) (C:\Users\angel\AppData\Local\Programs\MiKTeX\tex/generic/babel/locale/ca\babel-catalan.tex
Package babel Info: Importing font and identification data for catalan
(babel)             from babel-ca.ini. Reported on input line 11.
) (C:\Users\angel\AppData\Local\Programs\MiKTeX\tex/generic/babel/locale/en\babel-english.tex
Package babel Info: Importing font and identification data for english
(babel)             from babel-en.ini. Reported on input line 11.
) (C:\Users\angel\AppData\Local\Programs\MiKTeX\tex/latex/psnfss\mathpazo.sty
Package: mathpazo 2020/03/25 PSNFSS-v9.3 Palatino w/ Pazo Math (D.Puga, WaS) 
\symupright=\mathgroup4
) (C:\Users\angel\AppData\Local\Programs\MiKTeX\tex/latex/geometry\geometry.sty
Package: geometry 2020/01/02 v5.9 Page Geometry
 (C:\Users\angel\AppData\Local\Programs\MiKTeX\tex/latex/graphics\keyval.sty
Package: keyval 2022/05/29 v1.15 key=value parser (DPC)
\KV@toks@=\toks18
) (C:\Users\angel\AppData\Local\Programs\MiKTeX\tex/generic/iftex\ifvtex.sty
Package: ifvtex 2019/10/25 v1.7 ifvtex legacy package. Use iftex instead.
 (C:\Users\angel\AppData\Local\Programs\MiKTeX\tex/generic/iftex\iftex.sty
Package: iftex 2024/12/12 v1.0g TeX engine tests
))
\Gm@cnth=\count275
\Gm@cntv=\count276
\c@Gm@tempcnt=\count277
\Gm@bindingoffset=\dimen151
\Gm@wd@mp=\dimen152
\Gm@odd@mp=\dimen153
\Gm@even@mp=\dimen154
\Gm@layoutwidth=\dimen155
\Gm@layoutheight=\dimen156
\Gm@layouthoffset=\dimen157
\Gm@layoutvoffset=\dimen158
\Gm@dimlist=\toks19
 (C:\Users\angel\AppData\Local\Programs\MiKTeX\tex/latex/geometry\geometry.cfg)) (C:\Users\angel\AppData\Local\Programs\MiKTeX\tex/latex/url\url.sty
\Urlmuskip=\muskip17
Package: url 2013/09/16  ver 3.4  Verb mode for urls, etc.
) (C:\Users\angel\AppData\Local\Programs\MiKTeX\tex/latex/tocbibind\tocbibind.sty
Package: tocbibind 2010/10/13 v1.5k extra ToC listings
Package tocbibind Info: The document has chapter divisions on input line 50.


Package tocbibind Note: Using chapter style headings, unless overridden.

) (C:\Users\angel\AppData\Local\Programs\MiKTeX\tex/latex/xcolor\xcolor.sty
Package: xcolor 2024/09/29 v3.02 LaTeX color extensions (UK)
 (C:\Users\angel\AppData\Local\Programs\MiKTeX\tex/latex/graphics-cfg\color.cfg
File: color.cfg 2016/01/02 v1.6 sample color configuration
)
Package xcolor Info: Driver file: pdftex.def on input line 274.
 (C:\Users\angel\AppData\Local\Programs\MiKTeX\tex/latex/graphics-def\pdftex.def
File: pdftex.def 2024/04/13 v1.2c Graphics/color driver for pdftex
) (C:\Users\angel\AppData\Local\Programs\MiKTeX\tex/latex/graphics\mathcolor.ltx)
Package xcolor Info: Model `cmy' substituted by `cmy0' on input line 1349.
Package xcolor Info: Model `hsb' substituted by `rgb' on input line 1353.
Package xcolor Info: Model `RGB' extended on input line 1365.
Package xcolor Info: Model `HTML' substituted by `rgb' on input line 1367.
Package xcolor Info: Model `Hsb' substituted by `hsb' on input line 1368.
Package xcolor Info: Model `tHsb' substituted by `hsb' on input line 1369.
Package xcolor Info: Model `HSB' substituted by `hsb' on input line 1370.
Package xcolor Info: Model `Gray' substituted by `gray' on input line 1371.
Package xcolor Info: Model `wave' substituted by `hsb' on input line 1372.
) (C:\Users\angel\AppData\Local\Programs\MiKTeX\tex/latex/caption\caption.sty
Package: caption 2023/08/05 v3.6o Customizing captions (AR)
 (C:\Users\angel\AppData\Local\Programs\MiKTeX\tex/latex/caption\caption3.sty
Package: caption3 2023/07/31 v2.4d caption3 kernel (AR)
\caption@tempdima=\dimen159
\captionmargin=\dimen160
\caption@leftmargin=\dimen161
\caption@rightmargin=\dimen162
\caption@width=\dimen163
\caption@indent=\dimen164
\caption@parindent=\dimen165
\caption@hangindent=\dimen166
Package caption Info: Standard document class detected.
)
\c@caption@flags=\count278
\c@continuedfloat=\count279
) (C:\Users\angel\AppData\Local\Programs\MiKTeX\tex/latex/algorithms\algorithmic.sty
Package: algorithmic 2009/08/24 v0.1 Document Style `algorithmic'
 (C:\Users\angel\AppData\Local\Programs\MiKTeX\tex/latex/base\ifthen.sty
Package: ifthen 2024/03/16 v1.1e Standard LaTeX ifthen package (DPC)
)
\c@ALC@unique=\count280
\c@ALC@line=\count281
\c@ALC@rem=\count282
\c@ALC@depth=\count283
\ALC@tlm=\skip51
\algorithmicindent=\skip52
) (C:\Users\angel\AppData\Local\Programs\MiKTeX\tex/latex/newfloat\newfloat.sty
Package: newfloat 2023/10/01 v1.2 Defining new floating environments (AR)
Package newfloat Info: Document class `book' detected (original).
)
Package newfloat Info: New float `algorithm' with options `fileext=loa, listname=\'Index d'algorismes,name=Algorisme' on input line 162.
\c@algorithm=\count284
\newfloat@ftype=\count285
Package newfloat Info: float type `algorithm'=8 on input line 162.
Package newfloat Info: \algorithmname is already defined on input line 162.
Package newfloat Info: \listalgorithmname is already defined on input line 162.
Package newfloat Info: New float `quadre' with options `fileext=loq, listname=\'Index de quadres,name=Quadre' on input line 167.
\c@quadre=\count286
Package newfloat Info: float type `quadre'=16 on input line 167.
Package newfloat Info: \quadrename is already defined on input line 167.
Package newfloat Info: \listquadrename is already defined on input line 167.
 (C:\Users\angel\AppData\Local\Programs\MiKTeX\tex/latex/listings\listings.sty
\lst@mode=\count287
\lst@gtempboxa=\box53
\lst@token=\toks20
\lst@length=\count288
\lst@currlwidth=\dimen167
\lst@column=\count289
\lst@pos=\count290
\lst@lostspace=\dimen168
\lst@width=\dimen169
\lst@newlines=\count291
\lst@lineno=\count292
\lst@maxwidth=\dimen170
 (C:\Users\angel\AppData\Local\Programs\MiKTeX\tex/latex/listings\lstpatch.sty
File: lstpatch.sty 2024/09/23 1.10c (Carsten Heinz)
) (C:\Users\angel\AppData\Local\Programs\MiKTeX\tex/latex/listings\lstmisc.sty
File: lstmisc.sty 2024/09/23 1.10c (Carsten Heinz)
\c@lstnumber=\count293
\lst@skipnumbers=\count294
\lst@framebox=\box54
) (C:\Users\angel\AppData\Local\Programs\MiKTeX\tex/latex/listings\listings.cfg
File: listings.cfg 2024/09/23 1.10c listings configuration
))
Package: listings 2024/09/23 1.10c (Carsten Heinz)
 (C:\Users\angel\AppData\Local\Programs\MiKTeX\tex/latex/listings\lstlang1.sty
File: lstlang1.sty 2024/09/23 1.10c listings language file
) (C:\Users\angel\AppData\Local\Programs\MiKTeX\tex/latex/listings\lstlang1.sty
File: lstlang1.sty 2024/09/23 1.10c listings language file
) (C:\Users\angel\AppData\Local\Programs\MiKTeX\tex/latex/listings\lstmisc.sty
File: lstmisc.sty 2024/09/23 1.10c (Carsten Heinz)
) (C:\Users\angel\AppData\Local\Programs\MiKTeX\tex/latex/titlesec\titlesec.sty
Package: titlesec 2025/01/04 v2.17 Sectioning titles
\ttl@box=\box55
\beforetitleunit=\skip53
\aftertitleunit=\skip54
\ttl@plus=\dimen171
\ttl@minus=\dimen172
\ttl@toksa=\toks21
\titlewidth=\dimen173
\titlewidthlast=\dimen174
\titlewidthfirst=\dimen175
) (C:\Users\angel\AppData\Local\Programs\MiKTeX\tex/latex/tocloft\tocloft.sty
Package: tocloft 2017/08/31 v2.3i parameterised ToC, etc., typesetting
Package tocloft Info: The document has chapter divisions on input line 51.
\cftparskip=\skip55
\cftbeforetoctitleskip=\skip56
\cftaftertoctitleskip=\skip57
\cftbeforepartskip=\skip58
\cftpartnumwidth=\skip59
\cftpartindent=\skip60
\cftbeforechapskip=\skip61
\cftchapindent=\skip62
\cftchapnumwidth=\skip63
\cftbeforesecskip=\skip64
\cftsecindent=\skip65
\cftsecnumwidth=\skip66
\cftbeforesubsecskip=\skip67
\cftsubsecindent=\skip68
\cftsubsecnumwidth=\skip69
\cftbeforesubsubsecskip=\skip70
\cftsubsubsecindent=\skip71
\cftsubsubsecnumwidth=\skip72
\cftbeforeparaskip=\skip73
\cftparaindent=\skip74
\cftparanumwidth=\skip75
\cftbeforesubparaskip=\skip76
\cftsubparaindent=\skip77
\cftsubparanumwidth=\skip78
\cftbeforeloftitleskip=\skip79
\cftafterloftitleskip=\skip80
\cftbeforefigskip=\skip81
\cftfigindent=\skip82
\cftfignumwidth=\skip83
\c@lofdepth=\count295
\c@lotdepth=\count296
\cftbeforelottitleskip=\skip84
\cftafterlottitleskip=\skip85
\cftbeforetabskip=\skip86
\cfttabindent=\skip87
\cfttabnumwidth=\skip88
) (C:\Users\angel\AppData\Local\Programs\MiKTeX\tex/latex/fancyhdr\fancyhdr.sty
Package: fancyhdr 2025/02/07 v5.2 Extensive control of page headers and footers
\f@nch@headwidth=\skip89
\f@nch@offset@elh=\skip90
\f@nch@offset@erh=\skip91
\f@nch@offset@olh=\skip92
\f@nch@offset@orh=\skip93
\f@nch@offset@elf=\skip94
\f@nch@offset@erf=\skip95
\f@nch@offset@olf=\skip96
\f@nch@offset@orf=\skip97
\f@nch@height=\skip98
\f@nch@footalignment=\skip99
\f@nch@widthL=\skip100
\f@nch@widthC=\skip101
\f@nch@widthR=\skip102
\@temptokenb=\toks22
) (C:\Users\angel\AppData\Local\Programs\MiKTeX\tex/latex/graphics\graphicx.sty
Package: graphicx 2021/09/16 v1.2d Enhanced LaTeX Graphics (DPC,SPQR)
 (C:\Users\angel\AppData\Local\Programs\MiKTeX\tex/latex/graphics\graphics.sty
Package: graphics 2024/08/06 v1.4g Standard LaTeX Graphics (DPC,SPQR)
 (C:\Users\angel\AppData\Local\Programs\MiKTeX\tex/latex/graphics\trig.sty
Package: trig 2023/12/02 v1.11 sin cos tan (DPC)
) (C:\Users\angel\AppData\Local\Programs\MiKTeX\tex/latex/graphics-cfg\graphics.cfg
File: graphics.cfg 2016/06/04 v1.11 sample graphics configuration
)
Package graphics Info: Driver file: pdftex.def on input line 106.
)
\Gin@req@height=\dimen176
\Gin@req@width=\dimen177
) (C:\Users\angel\AppData\Local\Programs\MiKTeX\tex/latex/eso-pic\eso-pic.sty
Package: eso-pic 2023/05/03 v3.0c eso-pic (RN)
\ESO@tempdima=\dimen178
\ESO@tempdimb=\dimen179
) (C:\Users\angel\AppData\Local\Programs\MiKTeX\tex/latex/hyperref\hyperref.sty
Package: hyperref 2024-11-05 v7.01l Hypertext links for LaTeX
 (C:\Users\angel\AppData\Local\Programs\MiKTeX\tex/latex/kvsetkeys\kvsetkeys.sty
Package: kvsetkeys 2022-10-05 v1.19 Key value parser (HO)
) (C:\Users\angel\AppData\Local\Programs\MiKTeX\tex/generic/kvdefinekeys\kvdefinekeys.sty
Package: kvdefinekeys 2019-12-19 v1.6 Define keys (HO)
) (C:\Users\angel\AppData\Local\Programs\MiKTeX\tex/generic/pdfescape\pdfescape.sty
Package: pdfescape 2019/12/09 v1.15 Implements pdfTeX's escape features (HO)
 (C:\Users\angel\AppData\Local\Programs\MiKTeX\tex/generic/ltxcmds\ltxcmds.sty
Package: ltxcmds 2023-12-04 v1.26 LaTeX kernel commands for general use (HO)
) (C:\Users\angel\AppData\Local\Programs\MiKTeX\tex/generic/pdftexcmds\pdftexcmds.sty
Package: pdftexcmds 2020-06-27 v0.33 Utility functions of pdfTeX for LuaTeX (HO)
 (C:\Users\angel\AppData\Local\Programs\MiKTeX\tex/generic/infwarerr\infwarerr.sty
Package: infwarerr 2019/12/03 v1.5 Providing info/warning/error messages (HO)
)
Package pdftexcmds Info: \pdf@primitive is available.
Package pdftexcmds Info: \pdf@ifprimitive is available.
Package pdftexcmds Info: \pdfdraftmode found.
)) (C:\Users\angel\AppData\Local\Programs\MiKTeX\tex/latex/hycolor\hycolor.sty
Package: hycolor 2020-01-27 v1.10 Color options for hyperref/bookmark (HO)
) (C:\Users\angel\AppData\Local\Programs\MiKTeX\tex/latex/hyperref\nameref.sty
Package: nameref 2023-11-26 v2.56 Cross-referencing by name of section
 (C:\Users\angel\AppData\Local\Programs\MiKTeX\tex/latex/refcount\refcount.sty
Package: refcount 2019/12/15 v3.6 Data extraction from label references (HO)
) (C:\Users\angel\AppData\Local\Programs\MiKTeX\tex/generic/gettitlestring\gettitlestring.sty
Package: gettitlestring 2019/12/15 v1.6 Cleanup title references (HO)
 (C:\Users\angel\AppData\Local\Programs\MiKTeX\tex/latex/kvoptions\kvoptions.sty
Package: kvoptions 2022-06-15 v3.15 Key value format for package options (HO)
))
\c@section@level=\count297
) (C:\Users\angel\AppData\Local\Programs\MiKTeX\tex/latex/etoolbox\etoolbox.sty
Package: etoolbox 2025/02/11 v2.5l e-TeX tools for LaTeX (JAW)
\etb@tempcnta=\count298
) (C:\Users\angel\AppData\Local\Programs\MiKTeX\tex/generic/stringenc\stringenc.sty
Package: stringenc 2019/11/29 v1.12 Convert strings between diff. encodings (HO)
)
\@linkdim=\dimen180
\Hy@linkcounter=\count299
\Hy@pagecounter=\count300
 (C:\Users\angel\AppData\Local\Programs\MiKTeX\tex/latex/hyperref\pd1enc.def
File: pd1enc.def 2024-11-05 v7.01l Hyperref: PDFDocEncoding definition (HO)
Now handling font encoding PD1 ...
... no UTF-8 mapping file for font encoding PD1
) (C:\Users\angel\AppData\Local\Programs\MiKTeX\tex/generic/intcalc\intcalc.sty
Package: intcalc 2019/12/15 v1.3 Expandable calculations with integers (HO)
)
\Hy@SavedSpaceFactor=\count301
 (C:\Users\angel\AppData\Local\Programs\MiKTeX\tex/latex/hyperref\puenc.def
File: puenc.def 2024-11-05 v7.01l Hyperref: PDF Unicode definition (HO)
Now handling font encoding PU ...
... no UTF-8 mapping file for font encoding PU
)
Package hyperref Info: Option `colorlinks' set `true' on input line 4040.
Package hyperref Info: Hyper figures OFF on input line 4157.
Package hyperref Info: Link nesting OFF on input line 4162.
Package hyperref Info: Hyper index ON on input line 4165.
Package hyperref Info: Plain pages OFF on input line 4172.
Package hyperref Info: Backreferencing OFF on input line 4177.
Package hyperref Info: Implicit mode ON; LaTeX internals redefined.
Package hyperref Info: Bookmarks ON on input line 4424.
\c@Hy@tempcnt=\count302
LaTeX Info: Redefining \url on input line 4763.
\XeTeXLinkMargin=\dimen181
 (C:\Users\angel\AppData\Local\Programs\MiKTeX\tex/generic/bitset\bitset.sty
Package: bitset 2019/12/09 v1.3 Handle bit-vector datatype (HO)
 (C:\Users\angel\AppData\Local\Programs\MiKTeX\tex/generic/bigintcalc\bigintcalc.sty
Package: bigintcalc 2019/12/15 v1.5 Expandable calculations on big integers (HO)
))
\Fld@menulength=\count303
\Field@Width=\dimen182
\Fld@charsize=\dimen183
Package hyperref Info: Hyper figures OFF on input line 6042.
Package hyperref Info: Link nesting OFF on input line 6047.
Package hyperref Info: Hyper index ON on input line 6050.
Package hyperref Info: backreferencing OFF on input line 6057.
Package hyperref Info: Link coloring ON on input line 6060.
Package hyperref Info: Link coloring with OCG OFF on input line 6067.
Package hyperref Info: PDF/A mode OFF on input line 6072.
 (C:\Users\angel\AppData\Local\Programs\MiKTeX\tex/latex/base\atbegshi-ltx.sty
Package: atbegshi-ltx 2021/01/10 v1.0c Emulation of the original atbegshi
package with kernel methods
)
\Hy@abspage=\count304
\c@Item=\count305
\c@Hfootnote=\count306
)
Package hyperref Info: Driver (autodetected): hpdftex.
 (C:\Users\angel\AppData\Local\Programs\MiKTeX\tex/latex/hyperref\hpdftex.def
File: hpdftex.def 2024-11-05 v7.01l Hyperref driver for pdfTeX
 (C:\Users\angel\AppData\Local\Programs\MiKTeX\tex/latex/base\atveryend-ltx.sty
Package: atveryend-ltx 2020/08/19 v1.0a Emulation of the original atveryend package
with kernel methods
)
\Fld@listcount=\count307
\c@bookmark@seq@number=\count308
 (C:\Users\angel\AppData\Local\Programs\MiKTeX\tex/latex/rerunfilecheck\rerunfilecheck.sty
Package: rerunfilecheck 2022-07-10 v1.10 Rerun checks for auxiliary files (HO)
 (C:\Users\angel\AppData\Local\Programs\MiKTeX\tex/generic/uniquecounter\uniquecounter.sty
Package: uniquecounter 2019/12/15 v1.4 Provide unlimited unique counter (HO)
)
Package uniquecounter Info: New unique counter `rerunfilecheck' on input line 285.
)
\Hy@SectionHShift=\skip103
)
Package hyperref Info: Option `colorlinks' set `true' on input line 262.
\c@appendix=\count309
) (C:\Users\angel\AppData\Local\Programs\MiKTeX\tex/latex/booktabs\booktabs.sty
Package: booktabs 2020/01/12 v1.61803398 Publication quality tables
\heavyrulewidth=\dimen184
\lightrulewidth=\dimen185
\cmidrulewidth=\dimen186
\belowrulesep=\dimen187
\belowbottomsep=\dimen188
\aboverulesep=\dimen189
\abovetopsep=\dimen190
\cmidrulesep=\dimen191
\cmidrulekern=\dimen192
\defaultaddspace=\dimen193
\@cmidla=\count310
\@cmidlb=\count311
\@aboverulesep=\dimen194
\@belowrulesep=\dimen195
\@thisruleclass=\count312
\@lastruleclass=\count313
\@thisrulewidth=\dimen196
) (C:\Users\angel\AppData\Local\Programs\MiKTeX\tex/latex/tools\longtable.sty
Package: longtable 2024-10-27 v4.22 Multi-page Table package (DPC)
\LTleft=\skip104
\LTright=\skip105
\LTpre=\skip106
\LTpost=\skip107
\LTchunksize=\count314
\LTcapwidth=\dimen197
\LT@head=\box56
\LT@firsthead=\box57
\LT@foot=\box58
\LT@lastfoot=\box59
\LT@gbox=\box60
\LT@cols=\count315
\LT@rows=\count316
\c@LT@tables=\count317
\c@LT@chunks=\count318
\LT@p@ftn=\toks23
) (C:\Users\angel\AppData\Local\Programs\MiKTeX\tex/latex/base\inputenc.sty
Package: inputenc 2024/02/08 v1.3d Input encoding file
\inpenc@prehook=\toks24
\inpenc@posthook=\toks25
) (C:\Users\angel\AppData\Local\Programs\MiKTeX\tex/latex/float\float.sty
Package: float 2001/11/08 v1.3d Float enhancements (AL)
\c@float@type=\count319
\float@exts=\toks26
\float@box=\box61
\@float@everytoks=\toks27
\@floatcapt=\box62
) (C:\Users\angel\AppData\Local\Programs\MiKTeX\tex/latex/psnfss\pifont.sty
Package: pifont 2020/03/25 PSNFSS-v9.3 Pi font support (SPQR) 
LaTeX Font Info:    Trying to load font information for U+pzd on input line 63.
 (C:\Users\angel\AppData\Local\Programs\MiKTeX\tex/latex/psnfss\upzd.fd
File: upzd.fd 2001/06/04 font definitions for U/pzd.
)
LaTeX Font Info:    Trying to load font information for U+psy on input line 64.
 (C:\Users\angel\AppData\Local\Programs\MiKTeX\tex/latex/psnfss\upsy.fd
File: upsy.fd 2001/06/04 font definitions for U/psy.
)) (C:\Users\angel\AppData\Local\Programs\MiKTeX\tex/latex/tools\tabularx.sty
Package: tabularx 2023/12/11 v2.12a `tabularx' package (DPC)
 (C:\Users\angel\AppData\Local\Programs\MiKTeX\tex/latex/tools\array.sty
Package: array 2024/10/17 v2.6g Tabular extension package (FMi)
\col@sep=\dimen198
\ar@mcellbox=\box63
\extrarowheight=\dimen199
\NC@list=\toks28
\extratabsurround=\skip108
\backup@length=\skip109
\ar@cellbox=\box64
)
\TX@col@width=\dimen256
\TX@old@table=\dimen257
\TX@old@col=\dimen258
\TX@target=\dimen259
\TX@delta=\dimen260
\TX@cols=\count320
\TX@ftn=\toks29
) (C:\Users\angel\AppData\Local\Programs\MiKTeX\tex/latex/carlisle\ltxtable.sty
Package: ltxtable 2021/06/13 v0.4 longtable/tabularx merge (DPC)
) (C:\Users\angel\AppData\Local\Programs\MiKTeX\tex/latex/pgf/frontendlayer\tikz.sty (C:\Users\angel\AppData\Local\Programs\MiKTeX\tex/latex/pgf/basiclayer\pgf.sty (C:\Users\angel\AppData\Local\Programs\MiKTeX\tex/latex/pgf/utilities\pgfrcs.sty (C:\Users\angel\AppData\Local\Programs\MiKTeX\tex/generic/pgf/utilities\pgfutil-common.tex
\pgfutil@everybye=\toks30
\pgfutil@tempdima=\dimen261
\pgfutil@tempdimb=\dimen262
) (C:\Users\angel\AppData\Local\Programs\MiKTeX\tex/generic/pgf/utilities\pgfutil-latex.def
\pgfutil@abb=\box65
) (C:\Users\angel\AppData\Local\Programs\MiKTeX\tex/generic/pgf/utilities\pgfrcs.code.tex (C:\Users\angel\AppData\Local\Programs\MiKTeX\tex/generic/pgf\pgf.revision.tex)
Package: pgfrcs 2023-01-15 v3.1.10 (3.1.10)
))
Package: pgf 2023-01-15 v3.1.10 (3.1.10)
 (C:\Users\angel\AppData\Local\Programs\MiKTeX\tex/latex/pgf/basiclayer\pgfcore.sty (C:\Users\angel\AppData\Local\Programs\MiKTeX\tex/latex/pgf/systemlayer\pgfsys.sty (C:\Users\angel\AppData\Local\Programs\MiKTeX\tex/generic/pgf/systemlayer\pgfsys.code.tex
Package: pgfsys 2023-01-15 v3.1.10 (3.1.10)
 (C:\Users\angel\AppData\Local\Programs\MiKTeX\tex/generic/pgf/utilities\pgfkeys.code.tex
\pgfkeys@pathtoks=\toks31
\pgfkeys@temptoks=\toks32
 (C:\Users\angel\AppData\Local\Programs\MiKTeX\tex/generic/pgf/utilities\pgfkeyslibraryfiltered.code.tex
\pgfkeys@tmptoks=\toks33
))
\pgf@x=\dimen263
\pgf@y=\dimen264
\pgf@xa=\dimen265
\pgf@ya=\dimen266
\pgf@xb=\dimen267
\pgf@yb=\dimen268
\pgf@xc=\dimen269
\pgf@yc=\dimen270
\pgf@xd=\dimen271
\pgf@yd=\dimen272
\w@pgf@writea=\write3
\r@pgf@reada=\read3
\c@pgf@counta=\count321
\c@pgf@countb=\count322
\c@pgf@countc=\count323
\c@pgf@countd=\count324
\t@pgf@toka=\toks34
\t@pgf@tokb=\toks35
\t@pgf@tokc=\toks36
\pgf@sys@id@count=\count325
 (C:\Users\angel\AppData\Local\Programs\MiKTeX\tex/generic/pgf/systemlayer\pgf.cfg
File: pgf.cfg 2023-01-15 v3.1.10 (3.1.10)
)
Driver file for pgf: pgfsys-pdftex.def
 (C:\Users\angel\AppData\Local\Programs\MiKTeX\tex/generic/pgf/systemlayer\pgfsys-pdftex.def
File: pgfsys-pdftex.def 2023-01-15 v3.1.10 (3.1.10)
 (C:\Users\angel\AppData\Local\Programs\MiKTeX\tex/generic/pgf/systemlayer\pgfsys-common-pdf.def
File: pgfsys-common-pdf.def 2023-01-15 v3.1.10 (3.1.10)
))) (C:\Users\angel\AppData\Local\Programs\MiKTeX\tex/generic/pgf/systemlayer\pgfsyssoftpath.code.tex
File: pgfsyssoftpath.code.tex 2023-01-15 v3.1.10 (3.1.10)
\pgfsyssoftpath@smallbuffer@items=\count326
\pgfsyssoftpath@bigbuffer@items=\count327
) (C:\Users\angel\AppData\Local\Programs\MiKTeX\tex/generic/pgf/systemlayer\pgfsysprotocol.code.tex
File: pgfsysprotocol.code.tex 2023-01-15 v3.1.10 (3.1.10)
)) (C:\Users\angel\AppData\Local\Programs\MiKTeX\tex/generic/pgf/basiclayer\pgfcore.code.tex
Package: pgfcore 2023-01-15 v3.1.10 (3.1.10)
 (C:\Users\angel\AppData\Local\Programs\MiKTeX\tex/generic/pgf/math\pgfmath.code.tex (C:\Users\angel\AppData\Local\Programs\MiKTeX\tex/generic/pgf/math\pgfmathutil.code.tex) (C:\Users\angel\AppData\Local\Programs\MiKTeX\tex/generic/pgf/math\pgfmathparser.code.tex
\pgfmath@dimen=\dimen273
\pgfmath@count=\count328
\pgfmath@box=\box66
\pgfmath@toks=\toks37
\pgfmath@stack@operand=\toks38
\pgfmath@stack@operation=\toks39
) (C:\Users\angel\AppData\Local\Programs\MiKTeX\tex/generic/pgf/math\pgfmathfunctions.code.tex) (C:\Users\angel\AppData\Local\Programs\MiKTeX\tex/generic/pgf/math\pgfmathfunctions.basic.code.tex) (C:\Users\angel\AppData\Local\Programs\MiKTeX\tex/generic/pgf/math\pgfmathfunctions.trigonometric.code.tex) (C:\Users\angel\AppData\Local\Programs\MiKTeX\tex/generic/pgf/math\pgfmathfunctions.random.code.tex) (C:\Users\angel\AppData\Local\Programs\MiKTeX\tex/generic/pgf/math\pgfmathfunctions.comparison.code.tex) (C:\Users\angel\AppData\Local\Programs\MiKTeX\tex/generic/pgf/math\pgfmathfunctions.base.code.tex) (C:\Users\angel\AppData\Local\Programs\MiKTeX\tex/generic/pgf/math\pgfmathfunctions.round.code.tex) (C:\Users\angel\AppData\Local\Programs\MiKTeX\tex/generic/pgf/math\pgfmathfunctions.misc.code.tex) (C:\Users\angel\AppData\Local\Programs\MiKTeX\tex/generic/pgf/math\pgfmathfunctions.integerarithmetics.code.tex) (C:\Users\angel\AppData\Local\Programs\MiKTeX\tex/generic/pgf/math\pgfmathcalc.code.tex) (C:\Users\angel\AppData\Local\Programs\MiKTeX\tex/generic/pgf/math\pgfmathfloat.code.tex
\c@pgfmathroundto@lastzeros=\count329
)) (C:\Users\angel\AppData\Local\Programs\MiKTeX\tex/generic/pgf/math\pgfint.code.tex) (C:\Users\angel\AppData\Local\Programs\MiKTeX\tex/generic/pgf/basiclayer\pgfcorepoints.code.tex
File: pgfcorepoints.code.tex 2023-01-15 v3.1.10 (3.1.10)
\pgf@picminx=\dimen274
\pgf@picmaxx=\dimen275
\pgf@picminy=\dimen276
\pgf@picmaxy=\dimen277
\pgf@pathminx=\dimen278
\pgf@pathmaxx=\dimen279
\pgf@pathminy=\dimen280
\pgf@pathmaxy=\dimen281
\pgf@xx=\dimen282
\pgf@xy=\dimen283
\pgf@yx=\dimen284
\pgf@yy=\dimen285
\pgf@zx=\dimen286
\pgf@zy=\dimen287
) (C:\Users\angel\AppData\Local\Programs\MiKTeX\tex/generic/pgf/basiclayer\pgfcorepathconstruct.code.tex
File: pgfcorepathconstruct.code.tex 2023-01-15 v3.1.10 (3.1.10)
\pgf@path@lastx=\dimen288
\pgf@path@lasty=\dimen289
) (C:\Users\angel\AppData\Local\Programs\MiKTeX\tex/generic/pgf/basiclayer\pgfcorepathusage.code.tex
File: pgfcorepathusage.code.tex 2023-01-15 v3.1.10 (3.1.10)
\pgf@shorten@end@additional=\dimen290
\pgf@shorten@start@additional=\dimen291
) (C:\Users\angel\AppData\Local\Programs\MiKTeX\tex/generic/pgf/basiclayer\pgfcorescopes.code.tex
File: pgfcorescopes.code.tex 2023-01-15 v3.1.10 (3.1.10)
\pgfpic=\box67
\pgf@hbox=\box68
\pgf@layerbox@main=\box69
\pgf@picture@serial@count=\count330
) (C:\Users\angel\AppData\Local\Programs\MiKTeX\tex/generic/pgf/basiclayer\pgfcoregraphicstate.code.tex
File: pgfcoregraphicstate.code.tex 2023-01-15 v3.1.10 (3.1.10)
\pgflinewidth=\dimen292
) (C:\Users\angel\AppData\Local\Programs\MiKTeX\tex/generic/pgf/basiclayer\pgfcoretransformations.code.tex
File: pgfcoretransformations.code.tex 2023-01-15 v3.1.10 (3.1.10)
\pgf@pt@x=\dimen293
\pgf@pt@y=\dimen294
\pgf@pt@temp=\dimen295
) (C:\Users\angel\AppData\Local\Programs\MiKTeX\tex/generic/pgf/basiclayer\pgfcorequick.code.tex
File: pgfcorequick.code.tex 2023-01-15 v3.1.10 (3.1.10)
) (C:\Users\angel\AppData\Local\Programs\MiKTeX\tex/generic/pgf/basiclayer\pgfcoreobjects.code.tex
File: pgfcoreobjects.code.tex 2023-01-15 v3.1.10 (3.1.10)
) (C:\Users\angel\AppData\Local\Programs\MiKTeX\tex/generic/pgf/basiclayer\pgfcorepathprocessing.code.tex
File: pgfcorepathprocessing.code.tex 2023-01-15 v3.1.10 (3.1.10)
) (C:\Users\angel\AppData\Local\Programs\MiKTeX\tex/generic/pgf/basiclayer\pgfcorearrows.code.tex
File: pgfcorearrows.code.tex 2023-01-15 v3.1.10 (3.1.10)
\pgfarrowsep=\dimen296
) (C:\Users\angel\AppData\Local\Programs\MiKTeX\tex/generic/pgf/basiclayer\pgfcoreshade.code.tex
File: pgfcoreshade.code.tex 2023-01-15 v3.1.10 (3.1.10)
\pgf@max=\dimen297
\pgf@sys@shading@range@num=\count331
\pgf@shadingcount=\count332
) (C:\Users\angel\AppData\Local\Programs\MiKTeX\tex/generic/pgf/basiclayer\pgfcoreimage.code.tex
File: pgfcoreimage.code.tex 2023-01-15 v3.1.10 (3.1.10)
) (C:\Users\angel\AppData\Local\Programs\MiKTeX\tex/generic/pgf/basiclayer\pgfcoreexternal.code.tex
File: pgfcoreexternal.code.tex 2023-01-15 v3.1.10 (3.1.10)
\pgfexternal@startupbox=\box70
) (C:\Users\angel\AppData\Local\Programs\MiKTeX\tex/generic/pgf/basiclayer\pgfcorelayers.code.tex
File: pgfcorelayers.code.tex 2023-01-15 v3.1.10 (3.1.10)
) (C:\Users\angel\AppData\Local\Programs\MiKTeX\tex/generic/pgf/basiclayer\pgfcoretransparency.code.tex
File: pgfcoretransparency.code.tex 2023-01-15 v3.1.10 (3.1.10)
) (C:\Users\angel\AppData\Local\Programs\MiKTeX\tex/generic/pgf/basiclayer\pgfcorepatterns.code.tex
File: pgfcorepatterns.code.tex 2023-01-15 v3.1.10 (3.1.10)
) (C:\Users\angel\AppData\Local\Programs\MiKTeX\tex/generic/pgf/basiclayer\pgfcorerdf.code.tex
File: pgfcorerdf.code.tex 2023-01-15 v3.1.10 (3.1.10)
))) (C:\Users\angel\AppData\Local\Programs\MiKTeX\tex/generic/pgf/modules\pgfmoduleshapes.code.tex
File: pgfmoduleshapes.code.tex 2023-01-15 v3.1.10 (3.1.10)
\pgfnodeparttextbox=\box71
) (C:\Users\angel\AppData\Local\Programs\MiKTeX\tex/generic/pgf/modules\pgfmoduleplot.code.tex
File: pgfmoduleplot.code.tex 2023-01-15 v3.1.10 (3.1.10)
) (C:\Users\angel\AppData\Local\Programs\MiKTeX\tex/latex/pgf/compatibility\pgfcomp-version-0-65.sty
Package: pgfcomp-version-0-65 2023-01-15 v3.1.10 (3.1.10)
\pgf@nodesepstart=\dimen298
\pgf@nodesepend=\dimen299
) (C:\Users\angel\AppData\Local\Programs\MiKTeX\tex/latex/pgf/compatibility\pgfcomp-version-1-18.sty
Package: pgfcomp-version-1-18 2023-01-15 v3.1.10 (3.1.10)
)) (C:\Users\angel\AppData\Local\Programs\MiKTeX\tex/latex/pgf/utilities\pgffor.sty (C:\Users\angel\AppData\Local\Programs\MiKTeX\tex/latex/pgf/utilities\pgfkeys.sty (C:\Users\angel\AppData\Local\Programs\MiKTeX\tex/generic/pgf/utilities\pgfkeys.code.tex))
(C:\Users\angel\AppData\Local\Programs\MiKTeX\tex/latex/pgf/math\pgfmath.sty (C:\Users\angel\AppData\Local\Programs\MiKTeX\tex/generic/pgf/math\pgfmath.code.tex)) (C:\Users\angel\AppData\Local\Programs\MiKTeX\tex/generic/pgf/utilities\pgffor.code.tex
Package: pgffor 2023-01-15 v3.1.10 (3.1.10)
\pgffor@iter=\dimen300
\pgffor@skip=\dimen301
\pgffor@stack=\toks40
\pgffor@toks=\toks41
)) (C:\Users\angel\AppData\Local\Programs\MiKTeX\tex/generic/pgf/frontendlayer/tikz\tikz.code.tex
Package: tikz 2023-01-15 v3.1.10 (3.1.10)
 (C:\Users\angel\AppData\Local\Programs\MiKTeX\tex/generic/pgf/libraries\pgflibraryplothandlers.code.tex
File: pgflibraryplothandlers.code.tex 2023-01-15 v3.1.10 (3.1.10)
\pgf@plot@mark@count=\count333
\pgfplotmarksize=\dimen302
)
\tikz@lastx=\dimen303
\tikz@lasty=\dimen304
\tikz@lastxsaved=\dimen305
\tikz@lastysaved=\dimen306
\tikz@lastmovetox=\dimen307
\tikz@lastmovetoy=\dimen308
\tikzleveldistance=\dimen309
\tikzsiblingdistance=\dimen310
\tikz@figbox=\box72
\tikz@figbox@bg=\box73
\tikz@tempbox=\box74
\tikz@tempbox@bg=\box75
\tikztreelevel=\count334
\tikznumberofchildren=\count335
\tikznumberofcurrentchild=\count336
\tikz@fig@count=\count337
 (C:\Users\angel\AppData\Local\Programs\MiKTeX\tex/generic/pgf/modules\pgfmodulematrix.code.tex
File: pgfmodulematrix.code.tex 2023-01-15 v3.1.10 (3.1.10)
\pgfmatrixcurrentrow=\count338
\pgfmatrixcurrentcolumn=\count339
\pgf@matrix@numberofcolumns=\count340
)
\tikz@expandcount=\count341
 (C:\Users\angel\AppData\Local\Programs\MiKTeX\tex/generic/pgf/frontendlayer/tikz/libraries\tikzlibrarytopaths.code.tex
File: tikzlibrarytopaths.code.tex 2023-01-15 v3.1.10 (3.1.10)
))) (C:\Users\angel\AppData\Local\Programs\MiKTeX\tex/generic/pgf/frontendlayer/tikz/libraries\tikzlibrarypositioning.code.tex
File: tikzlibrarypositioning.code.tex 2023-01-15 v3.1.10 (3.1.10)
) (C:\Users\angel\AppData\Local\Programs\MiKTeX\tex/generic/pgf/frontendlayer/tikz/libraries\tikzlibraryshapes.code.tex
File: tikzlibraryshapes.code.tex 2023-01-15 v3.1.10 (3.1.10)
 (C:\Users\angel\AppData\Local\Programs\MiKTeX\tex/generic/pgf/frontendlayer/tikz/libraries\tikzlibraryshapes.geometric.code.tex
File: tikzlibraryshapes.geometric.code.tex 2023-01-15 v3.1.10 (3.1.10)
 (C:\Users\angel\AppData\Local\Programs\MiKTeX\tex/generic/pgf/libraries/shapes\pgflibraryshapes.geometric.code.tex
File: pgflibraryshapes.geometric.code.tex 2023-01-15 v3.1.10 (3.1.10)
)) (C:\Users\angel\AppData\Local\Programs\MiKTeX\tex/generic/pgf/frontendlayer/tikz/libraries\tikzlibraryshapes.misc.code.tex
File: tikzlibraryshapes.misc.code.tex 2023-01-15 v3.1.10 (3.1.10)
 (C:\Users\angel\AppData\Local\Programs\MiKTeX\tex/generic/pgf/libraries/shapes\pgflibraryshapes.misc.code.tex
File: pgflibraryshapes.misc.code.tex 2023-01-15 v3.1.10 (3.1.10)
)) (C:\Users\angel\AppData\Local\Programs\MiKTeX\tex/generic/pgf/frontendlayer/tikz/libraries\tikzlibraryshapes.symbols.code.tex
File: tikzlibraryshapes.symbols.code.tex 2023-01-15 v3.1.10 (3.1.10)
 (C:\Users\angel\AppData\Local\Programs\MiKTeX\tex/generic/pgf/libraries/shapes\pgflibraryshapes.symbols.code.tex
File: pgflibraryshapes.symbols.code.tex 2023-01-15 v3.1.10 (3.1.10)
)) (C:\Users\angel\AppData\Local\Programs\MiKTeX\tex/generic/pgf/frontendlayer/tikz/libraries\tikzlibraryshapes.arrows.code.tex
File: tikzlibraryshapes.arrows.code.tex 2023-01-15 v3.1.10 (3.1.10)
 (C:\Users\angel\AppData\Local\Programs\MiKTeX\tex/generic/pgf/libraries/shapes\pgflibraryshapes.arrows.code.tex
File: pgflibraryshapes.arrows.code.tex 2023-01-15 v3.1.10 (3.1.10)
)) (C:\Users\angel\AppData\Local\Programs\MiKTeX\tex/generic/pgf/frontendlayer/tikz/libraries\tikzlibraryshapes.callouts.code.tex (C:\Users\angel\AppData\Local\Programs\MiKTeX\tex/generic/pgf/libraries/shapes\pgflibraryshapes.callouts.code.tex)) (C:\Users\angel\AppData\Local\Programs\MiKTeX\tex/generic/pgf/frontendlayer/tikz/libraries\tikzlibraryshapes.multipart.code.tex
File: tikzlibraryshapes.multipart.code.tex 2023-01-15 v3.1.10 (3.1.10)
 (C:\Users\angel\AppData\Local\Programs\MiKTeX\tex/generic/pgf/libraries/shapes\pgflibraryshapes.multipart.code.tex
File: pgflibraryshapes.multipart.code.tex 2023-01-15 v3.1.10 (3.1.10)
\pgfnodepartlowerbox=\box76
\pgfnodeparttwobox=\box77
\pgfnodepartthreebox=\box78
\pgfnodepartfourbox=\box79
\pgfnodeparttwentybox=\box80
\pgfnodepartnineteenbox=\box81
\pgfnodeparteighteenbox=\box82
\pgfnodepartseventeenbox=\box83
\pgfnodepartsixteenbox=\box84
\pgfnodepartfifteenbox=\box85
\pgfnodepartfourteenbox=\box86
\pgfnodepartthirteenbox=\box87
\pgfnodeparttwelvebox=\box88
\pgfnodepartelevenbox=\box89
\pgfnodeparttenbox=\box90
\pgfnodepartninebox=\box91
\pgfnodeparteightbox=\box92
\pgfnodepartsevenbox=\box93
\pgfnodepartsixbox=\box94
\pgfnodepartfivebox=\box95
))) (C:\Users\angel\AppData\Local\Programs\MiKTeX\tex/generic/pgf/libraries\pgflibraryarrows.meta.code.tex
File: pgflibraryarrows.meta.code.tex 2023-01-15 v3.1.10 (3.1.10)
\pgfarrowinset=\dimen311
\pgfarrowlength=\dimen312
\pgfarrowwidth=\dimen313
\pgfarrowlinewidth=\dimen314
) (C:\Users\angel\AppData\Local\Programs\MiKTeX\tex/latex/enumitem\enumitem.sty
Package: enumitem 2025/02/06 v3.11 Customized lists
\labelindent=\skip110
\enit@outerparindent=\dimen315
\enit@toks=\toks42
\enit@inbox=\box96
\enit@count@id=\count342
\enitdp@description=\count343
) (C:\Users\angel\AppData\Local\Programs\MiKTeX\tex/latex/pdfpages\pdfpages.sty
Package: pdfpages 2025/07/23 v0.6g Insert pages of external PDF documents (AM)
 (C:\Users\angel\AppData\Local\Programs\MiKTeX\tex/latex/tools\calc.sty
Package: calc 2023/07/08 v4.3 Infix arithmetic (KKT,FJ)
\calc@Acount=\count344
\calc@Bcount=\count345
\calc@Adimen=\dimen316
\calc@Bdimen=\dimen317
\calc@Askip=\skip111
\calc@Bskip=\skip112
LaTeX Info: Redefining \setlength on input line 80.
LaTeX Info: Redefining \addtolength on input line 81.
\calc@Ccount=\count346
\calc@Cskip=\skip113
)
\AM@pagewidth=\dimen318
\AM@pageheight=\dimen319
\AM@fboxrule=\dimen320
 (C:\Users\angel\AppData\Local\Programs\MiKTeX\tex/latex/pdfpages\pppdftex.def
File: pppdftex.def 2025/07/23 v0.6g Pdfpages driver for pdfTeX (AM)
)
\pdfpages@includegraphics@status=\count347
\AM@pagebox=\box97
\AM@global@opts=\toks43
\AM@pagecnt=\count348
\AM@toc@title=\toks44
\AM@lof@heading=\toks45
\c@AM@survey=\count349
\AM@templatesizebox=\box98
)
Package hyperref Info: Option `colorlinks' set `true' on input line 56.
LaTeX Font Info:    Trying to load font information for T1+ppl on input line 98.
 (C:\Users\angel\AppData\Local\Programs\MiKTeX\tex/latex/psnfss\t1ppl.fd
File: t1ppl.fd 2001/06/04 font definitions for T1/ppl.
) (C:\Users\angel\AppData\Local\Programs\MiKTeX\tex/latex/l3backend\l3backend-pdftex.def
File: l3backend-pdftex.def 2025-03-14 L3 backend support: PDF output (pdfTeX)
\l__color_backend_stack_int=\count350
)
No file TFGsignes.aux.
\openout1 = `TFGsignes.aux'.

LaTeX Font Info:    Checking defaults for OML/cmm/m/it on input line 98.
LaTeX Font Info:    ... okay on input line 98.
LaTeX Font Info:    Checking defaults for OMS/cmsy/m/n on input line 98.
LaTeX Font Info:    ... okay on input line 98.
LaTeX Font Info:    Checking defaults for OT1/cmr/m/n on input line 98.
LaTeX Font Info:    ... okay on input line 98.
LaTeX Font Info:    Checking defaults for T1/cmr/m/n on input line 98.
LaTeX Font Info:    ... okay on input line 98.
LaTeX Font Info:    Checking defaults for TS1/cmr/m/n on input line 98.
LaTeX Font Info:    ... okay on input line 98.
LaTeX Font Info:    Checking defaults for OMX/cmex/m/n on input line 98.
LaTeX Font Info:    ... okay on input line 98.
LaTeX Font Info:    Checking defaults for U/cmr/m/n on input line 98.
LaTeX Font Info:    ... okay on input line 98.
LaTeX Font Info:    Checking defaults for PD1/pdf/m/n on input line 98.
LaTeX Font Info:    ... okay on input line 98.
LaTeX Font Info:    Checking defaults for PU/pdf/m/n on input line 98.
LaTeX Font Info:    ... okay on input line 98.
LaTeX Info: Redefining \. on input line 98.
LaTeX Info: Redefining \% on input line 98.
Package babel Info: 'spanish' activates 'spanish' shorthands.
(babel)             Reported  on input line 98.
LaTeX Info: Redefining \l on input line 98.
LaTeX Info: Redefining \L on input line 98.
\big@size=\dimen321
*geometry* driver: auto-detecting
*geometry* detected driver: pdftex
*geometry* verbose mode - [ preamble ] result:
* driver: pdftex
* paper: a4paper
* layout: <same size as paper>
* layoutoffset:(h,v)=(0.0pt,0.0pt)
* modes: twoside 
* h-part:(L,W,R)=(85.35826pt, 426.79135pt, 85.35826pt)
* v-part:(T,H,B)=(66.86414pt, 711.31857pt, 66.86414pt)
* \paperwidth=597.50787pt
* \paperheight=845.04684pt
* \textwidth=426.79135pt
* \textheight=711.31857pt
* \oddsidemargin=13.08827pt
* \evensidemargin=13.08827pt
* \topmargin=-37.27965pt
* \headheight=16.0pt
* \headsep=19.8738pt
* \topskip=11.0pt
* \footskip=27.46295pt
* \marginparwidth=116.0pt
* \marginparsep=7.0pt
* \columnsep=10.0pt
* \skip\footins=10.0pt plus 4.0pt minus 2.0pt
* \hoffset=0.0pt
* \voffset=0.0pt
* \mag=1000
* \@twocolumnfalse
* \@twosidetrue
* \@mparswitchtrue
* \@reversemarginfalse
* (1in=72.27pt=25.4mm, 1cm=28.453pt)

(C:\Users\angel\AppData\Local\Programs\MiKTeX\tex/context/base/mkii\supp-pdf.mkii
[Loading MPS to PDF converter (version 2006.09.02).]
\scratchcounter=\count351
\scratchdimen=\dimen322
\scratchbox=\box99
\nofMPsegments=\count352
\nofMParguments=\count353
\everyMPshowfont=\toks46
\MPscratchCnt=\count354
\MPscratchDim=\dimen323
\MPnumerator=\count355
\makeMPintoPDFobject=\count356
\everyMPtoPDFconversion=\toks47
) (C:\Users\angel\AppData\Local\Programs\MiKTeX\tex/latex/epstopdf-pkg\epstopdf-base.sty
Package: epstopdf-base 2020-01-24 v2.11 Base part for package epstopdf
Package epstopdf-base Info: Redefining graphics rule for `.eps' on input line 485.
 (C:\Users\angel\AppData\Local\Programs\MiKTeX\tex/latex/00miktex\epstopdf-sys.cfg
File: epstopdf-sys.cfg 2021/03/18 v2.0 Configuration of epstopdf for MiKTeX
))
Package caption Info: Begin \AtBeginDocument code.
Package caption Info: float package is loaded.
Package caption Info: hyperref package is loaded.
Package caption Info: listings package is loaded.
Package caption Info: longtable package is loaded.
 (C:\Users\angel\AppData\Local\Programs\MiKTeX\tex/latex/caption\ltcaption.sty
Package: ltcaption 2021/01/08 v1.4c longtable captions (AR)
)
Package caption Info: End \AtBeginDocument code.
Package newfloat Info: `float' package detected.
\c@lstlisting=\count357
Package hyperref Info: Link coloring ON on input line 98.
\@outlinefile=\write4
\openout4 = `TFGsignes.out'.

LaTeX Font Info:    Trying to load font information for OT1+ppl on input line 98.
 (C:\Users\angel\AppData\Local\Programs\MiKTeX\tex/latex/psnfss\ot1ppl.fd
File: ot1ppl.fd 2001/06/04 font definitions for OT1/ppl.
)
LaTeX Font Info:    Trying to load font information for OML+zplm on input line 98.
 (C:\Users\angel\AppData\Local\Programs\MiKTeX\tex/latex/psnfss\omlzplm.fd
File: omlzplm.fd 2002/09/08 Fontinst v1.914 font definitions for OML/zplm.
)
LaTeX Font Info:    Trying to load font information for OMS+zplm on input line 98.
 (C:\Users\angel\AppData\Local\Programs\MiKTeX\tex/latex/psnfss\omszplm.fd
File: omszplm.fd 2002/09/08 Fontinst v1.914 font definitions for OMS/zplm.
)
LaTeX Font Info:    Trying to load font information for OMX+zplm on input line 98.
 (C:\Users\angel\AppData\Local\Programs\MiKTeX\tex/latex/psnfss\omxzplm.fd
File: omxzplm.fd 2002/09/08 Fontinst v1.914 font definitions for OMX/zplm.
)
LaTeX Font Info:    Trying to load font information for OT1+zplm on input line 98.
 (C:\Users\angel\AppData\Local\Programs\MiKTeX\tex/latex/psnfss\ot1zplm.fd
File: ot1zplm.fd 2002/09/08 Fontinst v1.914 font definitions for OT1/zplm.
)

<logo-upv.pdf, id=6, 331.2375pt x 105.39375pt>
File: logo-upv.pdf Graphic file (type pdf)
<use logo-upv.pdf>
Package pdftex.def Info: logo-upv.pdf  used on input line 98.
(pdftex.def)             Requested size: 178.85042pt x 56.9055pt.
<logo-etsinf.pdf, id=7, 311.1625pt x 120.45pt>
File: logo-etsinf.pdf Graphic file (type pdf)
<use logo-etsinf.pdf>
Package pdftex.def Info: logo-etsinf.pdf  used on input line 98.
(pdftex.def)             Requested size: 147.00606pt x 56.9055pt.
<images/baseportada.png, id=8, 1027.84pt x 578.16pt>
File: images/baseportada.png Graphic file (type png)
<use images/baseportada.png>
Package pdftex.def Info: images/baseportada.png  used on input line 98.
(pdftex.def)             Requested size: 597.51208pt x 366.75699pt.
[1



{C:/Users/angel/AppData/Local/MiKTeX/fonts/map/pdftex/pdftex.map}{C:/Users/angel/AppData/Local/Programs/MiKTeX/fonts/enc/dvips/base/8r.enc} <./logo-upv.pdf> <./logo-etsinf.pdf> <./images/baseportada.png>]

[2

] (C:\Users\angel\AppData\Local\Programs\MiKTeX\tex/latex/pdflscape\pdflscape.sty
Package: pdflscape 2022-10-27 v0.13 Display of landscape pages in PDF
 (C:\Users\angel\AppData\Local\Programs\MiKTeX\tex/latex/pdflscape\pdflscape-nometadata.sty
Package: pdflscape-nometadata 2022-10-28 v0.13 Display of landscape pages in PDF (HO)
 (C:\Users\angel\AppData\Local\Programs\MiKTeX\tex/latex/graphics\lscape.sty
Package: lscape 2020/05/28 v3.02 Landscape Pages (DPC)
)
Package pdflscape Info: Auto-detected driver: pdftex on input line 81.
)) (partes/resumen.tex
Package babel Info: 'catalan' activates 'catalan' shorthands.
(babel)             Reported  on input line 1.
LaTeX Info: Redefining \. on input line 11.
LaTeX Info: Redefining \% on input line 11.


[3]
LaTeX Info: Redefining \. on input line 13.
LaTeX Info: Redefining \% on input line 13.
LaTeX Info: Redefining \. on input line 23.
LaTeX Info: Redefining \% on input line 23.


[4]
LaTeX Info: Redefining \. on input line 35.
LaTeX Info: Redefining \% on input line 35.


[5]

[6

]
No file TFGsignes.toc.
\tf@toc=\write5
\openout5 = `TFGsignes.toc'.



[7]

[8

]
No file TFGsignes.lof.
\tf@lof=\write6
\openout6 = `TFGsignes.lof'.

No file TFGsignes.lot.
\tf@lot=\write7
\openout7 = `TFGsignes.lot'.

)

[9]

[10

] (capitulos/1-Introducción/cap1_introducción.tex
Cap\'{\i }tulo 1.

LaTeX Warning: Citation `lander2001' on page 1 undefined on input line 5.


LaTeX Warning: Citation `robinson' on page 1 undefined on input line 7.


LaTeX Warning: Citation `visscher' on page 1 undefined on input line 11.


LaTeX Warning: Citation `ye' on page 1 undefined on input line 13.


Underfull \vbox (badness 8019) has occurred while \output is active []



[1

]

LaTeX Warning: Citation `lewis' on page 2 undefined on input line 17.



LaTeX Info: Redefining \. on input line 36.
LaTeX Info: Redefining \% on input line 36.
Package babel Info: 'spanish' activates 'spanish' shorthands.
(babel)             Reported  on input line 36.
[2]

LaTeX Warning: Citation `wieringa' on page 3 undefined on input line 43.


LaTeX Warning: Reference `fig:ciclo_diseno' on page 3 undefined on input line 53.


LaTeX Warning: File `tfgetsinf/images/Design cycle.pdf' not found on input line 57.


capitulos/1-Introducción/cap1_introducción.tex:57: Package pdftex.def Error: File `tfgetsinf/images/Design cycle.pdf' not found: using draft setting.

See the pdftex.def package documentation for explanation.
Type  H <return>  for immediate help.
 ...                                              
                                                  
l.57 ...twidth]{tfgetsinf/images/Design cycle.pdf}
                                                  
Try typing  <return>  to proceed.
If that doesn't work, type  X <return>  to quit.



LaTeX Info: Redefining \. on input line 61.
LaTeX Info: Redefining \% on input line 61.
[3]

LaTeX Info: Redefining \. on input line 69.
LaTeX Info: Redefining \% on input line 69.
[4]

LaTeX Warning: Reference `section:metodologia' on page 5 undefined on input line 96.



LaTeX Info: Redefining \. on input line 104.
LaTeX Info: Redefining \% on input line 104.
[5]

LaTeX Warning: Reference `chap:investigación' on page 6 undefined on input line 112.


LaTeX Warning: Reference `chap:investigación' on page 6 undefined on input line 112.


LaTeX Warning: Reference `chap:introducción' on page 6 undefined on input line 115.


LaTeX Warning: Reference `chap:introducción' on page 6 undefined on input line 115.


LaTeX Warning: Reference `chap:investigación' on page 6 undefined on input line 116.


LaTeX Warning: Reference `chap:investigación' on page 6 undefined on input line 116.


LaTeX Warning: Reference `chap:diseño' on page 6 undefined on input line 119.


LaTeX Warning: Reference `chap:diseño' on page 6 undefined on input line 119.


LaTeX Warning: Reference `chap:diseño' on page 6 undefined on input line 122.


LaTeX Warning: Reference `chap:diseño' on page 6 undefined on input line 122.


LaTeX Warning: Reference `section:especificación' on page 6 undefined on input line 122.


LaTeX Warning: Reference `section:diseño' on page 6 undefined on input line 124.


LaTeX Warning: Reference `section:desarrollo' on page 6 undefined on input line 126.


LaTeX Warning: Reference `chap:pruebas' on page 6 undefined on input line 130.


LaTeX Warning: Reference `chap:pruebas' on page 6 undefined on input line 130.


LaTeX Warning: Reference `chap:pruebas' on page 6 undefined on input line 133.


LaTeX Warning: Reference `chap:pruebas' on page 6 undefined on input line 133.



LaTeX Info: Redefining \. on input line 134.
LaTeX Info: Redefining \% on input line 134.
[6]

LaTeX Warning: Reference `chap:conclusiones' on page 7 undefined on input line 136.


LaTeX Warning: Reference `chap:conclusiones' on page 7 undefined on input line 137.


LaTeX Warning: Reference `chap:conclusiones' on page 7 undefined on input line 140.


LaTeX Warning: Reference `chap:conclusiones' on page 7 undefined on input line 140.

) (capitulos/2-Investigación del problema/cap2_investigación.tex

LaTeX Info: Redefining \. on input line 1.
LaTeX Info: Redefining \% on input line 1.
[7]

[8

]
Cap\'{\i }tulo 2.

LaTeX Warning: Citation `babb' on page 9 undefined on input line 8.


LaTeX Warning: Citation `uffelmann' on page 9 undefined on input line 8.


LaTeX Warning: Citation `choi' on page 9 undefined on input line 8.


LaTeX Warning: Citation `lambert2019' on page 9 undefined on input line 12.


LaTeX Warning: Citation `choi' on page 9 undefined on input line 15.


LaTeX Warning: Citation `collister' on page 9 undefined on input line 15.



[9]

LaTeX Warning: Citation `maamari' on page 10 undefined on input line 17.


LaTeX Warning: Citation `corpas' on page 10 undefined on input line 17.


LaTeX Warning: Citation `knowles' on page 10 undefined on input line 19.


LaTeX Warning: Citation `terkelsen' on page 10 undefined on input line 19.


LaTeX Warning: Citation `torkamani2018' on page 10 undefined on input line 21.


LaTeX Warning: Citation `alliance' on page 10 undefined on input line 23.


LaTeX Warning: Citation `wray' on page 10 undefined on input line 25.

(C:\Users\angel\AppData\Local\Programs\MiKTeX\tex/latex/psnfss\ts1ppl.fd)
Underfull \vbox (badness 10000) has occurred while \output is active []



LaTeX Info: Redefining \. on input line 72.
LaTeX Info: Redefining \% on input line 72.
[10]

LaTeX Warning: Citation `lambert2024' on page 11 undefined on input line 86.



LaTeX Info: Redefining \. on input line 88.
LaTeX Info: Redefining \% on input line 88.
[11]

LaTeX Warning: Citation `pain2024' on page 12 undefined on input line 90.


LaTeX Warning: Citation `lukfor_pgscalc' on page 12 undefined on input line 94.


LaTeX Warning: Citation `collister' on page 12 undefined on input line 98.


Underfull \vbox (badness 10000) has occurred while \output is active []



LaTeX Info: Redefining \. on input line 123.
LaTeX Info: Redefining \% on input line 123.
[12]) (capitulos/3-Diseño de la solución/cap3_diseño_de_la_solución.tex

LaTeX Info: Redefining \. on input line 1.
LaTeX Info: Redefining \% on input line 1.
[13]

[14

]
Cap\'{\i }tulo 3.

Underfull \hbox (badness 1057) in paragraph at lines 32--32
[]|\T1/ppl/m/n/10.95 Inicio de se-
 []


Underfull \hbox (badness 1603) in paragraph at lines 34--35
\T1/ppl/m/n/10.95 cuan-do en-tro a la pan-ta-lla
 []


Underfull \hbox (badness 3514) in paragraph at lines 36--36
[]|\T1/ppl/m/n/10.95 Crear nue-vo
 []


Underfull \hbox (badness 2057) in paragraph at lines 36--36
\T1/ppl/m/n/10.95 cin, quie-ro crear un nue-
 []


Underfull \hbox (badness 10000) in paragraph at lines 38--38
[]|\T1/ppl/m/n/10.95 Gestin de
 []


Underfull \hbox (badness 3977) in paragraph at lines 38--38
[]|\T1/ppl/m/n/10.95 Como usua-rio de la apli-
 []


Underfull \hbox (badness 2617) in paragraph at lines 40--40
\T1/ppl/m/n/10.95 chi-vos ge-n-
 []


Underfull \hbox (badness 10000) in paragraph at lines 40--40
[]|\T1/ppl/m/n/10.95 Como usua-rio de la
 []


Underfull \hbox (badness 10000) in paragraph at lines 40--40
\T1/ppl/m/n/10.95 apli-ca-cin, quie-ro su-
 []


Underfull \hbox (badness 10000) in paragraph at lines 40--40
\T1/ppl/m/n/10.95 bir ar-chi-vos \T1/ppl/m/it/10.95 VC-F/-
 []


Underfull \hbox (badness 10000) in paragraph at lines 40--40
\T1/ppl/m/it/10.95 PLINK1/PLINK2/23andME\T1/ppl/m/n/10.95 ,
 []


Underfull \hbox (badness 10000) in paragraph at lines 40--40
\T1/ppl/m/n/10.95 pa-ra uti-li-zar-los pos-te-rior-
 []


Underfull \hbox (badness 7468) in paragraph at lines 40--40
\T1/ppl/m/n/10.95 men-te en los an-li-sis de
 []


Underfull \hbox (badness 2096) in paragraph at lines 40--41
\T1/ppl/m/n/10.95 ra car-gar \T1/ppl/m/it/10.95 da-ta-sets\T1/ppl/m/n/10.95 , en-ton-ces
 []


Underfull \hbox (badness 5064) in paragraph at lines 42--42
[]|\T1/ppl/m/n/10.95 Seleccin de
 []


Overfull \hbox (4.18878pt too wide) in paragraph at lines 44--44
[]|\T1/ppl/m/n/10.95 Configuracin
 []


Underfull \hbox (badness 10000) in paragraph at lines 44--44
\T1/ppl/m/n/10.95 del an-li-sis
 []


Underfull \hbox (badness 2913) in paragraph at lines 44--44
\T1/ppl/m/n/10.95 cin, quie-ro con-fi-gu-rar los
 []


Underfull \hbox (badness 2096) in paragraph at lines 44--45
\T1/ppl/m/n/10.95 cuan-do se-lec-ciono y ajus-to
 []


Underfull \hbox (badness 10000) in paragraph at lines 48--48
[]|\T1/ppl/m/n/10.95 Visualizacin
 []


Underfull \hbox (badness 3547) in paragraph at lines 48--49
\T1/ppl/m/n/10.95 mues-tra co-mo com-ple-ta-do,
 []


Underfull \hbox (badness 10000) in paragraph at lines 50--50
[]|\T1/ppl/m/n/10.95 Exportacin
 []


Underfull \hbox (badness 2418) in paragraph at lines 50--50
\T1/ppl/m/n/10.95 sul-ta-dos pa-ra in-cluir-los en
 []


Underfull \hbox (badness 3547) in paragraph at lines 50--51
\T1/ppl/m/n/10.95 mues-tra co-mo com-ple-ta-do,
 []


Overfull \hbox (3.64114pt too wide) in paragraph at lines 52--52
[]|\T1/ppl/m/n/10.95 Notificaciones
 []


Underfull \hbox (badness 10000) in paragraph at lines 52--52
\T1/ppl/m/n/10.95 al fi-na-li-zar
 []


Underfull \hbox (badness 1789) in paragraph at lines 52--52
\T1/ppl/m/n/10.95 an-li-sis, pa-ra ges-tio-nar efi-
 []


Underfull \hbox (badness 1412) in paragraph at lines 52--53
[]|\T1/ppl/m/n/10.95 Dado que he eje-cu-ta-do un
 []

[15]
LaTeX Info: Redefining \. on input line 54.
LaTeX Info: Redefining \% on input line 54.
 [16]
Overfull \hbox (4.76674pt too wide) in paragraph at lines 66--66
[]|\T1/ppl/b/n/10.95 Prioridad| 
 []


Overfull \hbox (8.55678pt too wide) in paragraph at lines 66--66
[]|\T1/ppl/b/n/10.95 Dependencias| 
 []


Underfull \hbox (badness 10000) in paragraph at lines 66--67
[]|\T1/ppl/b/n/10.95 Historia
 []


Overfull \hbox (4.76674pt too wide) in paragraph at lines 72--72
[]|\T1/ppl/b/n/10.95 Prioridad| 
 []


Overfull \hbox (8.55678pt too wide) in paragraph at lines 72--72
[]|\T1/ppl/b/n/10.95 Dependencias| 
 []


Underfull \hbox (badness 10000) in paragraph at lines 72--73
[]|\T1/ppl/b/n/10.95 Historia
 []


Underfull \hbox (badness 10000) in paragraph at lines 83--83
[]|\T1/ppl/m/n/10.95 Inicio de
 []


Underfull \hbox (badness 10000) in paragraph at lines 83--83
\T1/ppl/m/n/10.95 ini-ciar se-sin con
 []


Underfull \hbox (badness 10000) in paragraph at lines 85--85
[]|\T1/ppl/m/n/10.95 Panel de
 []


Underfull \hbox (badness 1132) in paragraph at lines 85--85
\T1/ppl/m/n/10.95 por-cio-nar un pa-nel
 []


Underfull \hbox (badness 1062) in paragraph at lines 85--85
\T1/ppl/m/n/10.95 de con-trol de es-ta-
 []


Overfull \hbox (8.30113pt too wide) in paragraph at lines 87--87
[]|\T1/ppl/m/n/10.95 Organizacin
 []


Underfull \hbox (badness 3769) in paragraph at lines 87--87
[]|\T1/ppl/m/n/10.95 Los an-li-sis de-ben
 []


Underfull \hbox (badness 10000) in paragraph at lines 89--89
[]|\T1/ppl/m/n/10.95 Creacin
 []


Underfull \hbox (badness 10000) in paragraph at lines 89--89
[]|\T1/ppl/m/n/10.95 El sis-te-ma de-be
 []


Underfull \hbox (badness 10000) in paragraph at lines 93--93
[]|\T1/ppl/m/n/10.95 Bsqueda
 []


Underfull \hbox (badness 10000) in paragraph at lines 93--93
\T1/ppl/m/n/10.95 en-tre los
 []


Underfull \hbox (badness 6001) in paragraph at lines 93--93
\T1/ppl/m/n/10.95 de bs-que-da pa-ra
 []


Overfull \hbox (8.02722pt too wide) in paragraph at lines 95--95
[]|\T1/ppl/m/n/10.95 Visualizacin
 []


Underfull \hbox (badness 2903) in paragraph at lines 95--95
\T1/ppl/m/n/10.95 de los de-
 []


Underfull \hbox (badness 10000) in paragraph at lines 95--95
\T1/ppl/m/n/10.95 ta-lles del
 []


Underfull \hbox (badness 10000) in paragraph at lines 95--95
[]|\T1/ppl/m/n/10.95 El usua-rio de-be
 []


Underfull \hbox (badness 1975) in paragraph at lines 95--95
\T1/ppl/m/n/10.95 po-der vi-sua-li-zar la
 []


Underfull \hbox (badness 10000) in paragraph at lines 95--95
\T1/ppl/m/n/10.95 con-fi-gu-ra-cin, des-
 []


Underfull \hbox (badness 1082) in paragraph at lines 95--95
\T1/ppl/m/n/10.95 crip-cin y mo-de-los
 []


Underfull \hbox (badness 10000) in paragraph at lines 95--95
\T1/ppl/m/n/10.95 que com-po-nen el
 []


Underfull \hbox (badness 5050) in paragraph at lines 95--95
\T1/ppl/m/n/10.95 an-li-sis ac-ce-dien-do
 []


Overfull \hbox (1.2601pt too wide) in paragraph at lines 97--97
[]|\T1/ppl/m/n/10.95 Eliminacin
 []


Underfull \hbox (badness 7925) in paragraph at lines 97--97
\T1/ppl/m/n/10.95 mi-tir a los usua-
 []


Underfull \hbox (badness 10000) in paragraph at lines 99--99
[]|\T1/ppl/m/n/10.95 Seleccin
 []


Underfull \hbox (badness 10000) in paragraph at lines 99--99
[]|\T1/ppl/m/n/10.95 El sis-te-ma de-be
 []


Underfull \hbox (badness 10000) in paragraph at lines 99--99
\T1/ppl/m/n/10.95 per-mi-tir se-lec-cio-
 []


Underfull \hbox (badness 10000) in paragraph at lines 99--99
\T1/ppl/m/n/10.95 nar mo-de-los PRS
 []


Underfull \hbox (badness 10000) in paragraph at lines 101--101
[]|\T1/ppl/m/n/10.95 Carga de
 []


Underfull \hbox (badness 10000) in paragraph at lines 101--101
\T1/ppl/m/it/10.95 da-ta-sets
 []


Underfull \hbox (badness 10000) in paragraph at lines 101--101
\T1/ppl/m/n/10.95 (es-tn-dar
 []


Underfull \hbox (badness 10000) in paragraph at lines 101--101
\T1/ppl/m/n/10.95 y for-ma-to
 []


Overfull \hbox (12.7247pt too wide) in paragraph at lines 103--103
[]|\T1/ppl/m/n/10.95 Configuracin
 []


Underfull \hbox (badness 4859) in paragraph at lines 105--105
[]|\T1/ppl/m/n/10.95 Estado del
 []


Underfull \hbox (badness 10000) in paragraph at lines 105--105
[]|\T1/ppl/m/n/10.95 El sis-te-ma de-be
 []


Underfull \hbox (badness 1033) in paragraph at lines 105--105
\T1/ppl/m/n/10.95 de la eje-cu-cin del
 []


Overfull \hbox (1.87338pt too wide) in paragraph at lines 107--107
[]|\T1/ppl/m/n/10.95 Cancelacin
 []


Overfull \hbox (8.02722pt too wide) in paragraph at lines 109--109
[]|\T1/ppl/m/n/10.95 Visualizacin
 []


Underfull \hbox (badness 10000) in paragraph at lines 109--109
\T1/ppl/m/n/10.95 de re-sul-
 []


Underfull \hbox (badness 10000) in paragraph at lines 109--109
\T1/ppl/m/n/10.95 ta-dos
 []


Underfull \hbox (badness 10000) in paragraph at lines 109--109
[]|\T1/ppl/m/n/10.95 El sis-te-ma de-be
 []


Underfull \hbox (badness 2229) in paragraph at lines 109--109
\T1/ppl/m/n/10.95 per-mi-tir la vi-sua-li-
 []


Overfull \hbox (1.76376pt too wide) in paragraph at lines 111--111
[]|\T1/ppl/m/n/10.95 Exportacin
 []


Underfull \hbox (badness 4254) in paragraph at lines 111--111
\T1/ppl/m/n/10.95 de re-sul-ta-
 []


Underfull \hbox (badness 10000) in paragraph at lines 111--111
[]|\T1/ppl/m/n/10.95 El sis-te-ma de-be
 []


Overfull \hbox (2.28932pt too wide) in paragraph at lines 113--113
[]|\T1/ppl/m/n/10.95 Notificacin
 []


Underfull \hbox (badness 1694) in paragraph at lines 113--113
\T1/ppl/m/n/10.95 un an-li-sis PRS se
 []


Overfull \hbox (2.28932pt too wide) in paragraph at lines 115--115
[]|\T1/ppl/m/n/10.95 Notificacin
 []


Underfull \hbox (badness 10000) in paragraph at lines 115--115
[]|\T1/ppl/m/n/10.95 Al com-ple-tar-se la
 []


Underfull \hbox (badness 10000) in paragraph at lines 115--115
\T1/ppl/m/n/10.95 eje-cu-cin de un
 []


Underfull \hbox (badness 5133) in paragraph at lines 115--115
\T1/ppl/m/n/10.95 ti-fi-ca-cio-nes pue-den
 []


Overfull \hbox (2.28932pt too wide) in paragraph at lines 117--117
[]|\T1/ppl/m/n/10.95 Notificacin
 []


Underfull \hbox (badness 6978) in paragraph at lines 117--117
\T1/ppl/m/n/10.95 por co-rreo
 []


Underfull \hbox (badness 10000) in paragraph at lines 117--117
[]|\T1/ppl/m/n/10.95 Al com-ple-tar-se la
 []


Underfull \hbox (badness 10000) in paragraph at lines 117--117
\T1/ppl/m/n/10.95 eje-cu-cin de un
 []


Underfull \hbox (badness 10000) in paragraph at lines 117--117
\T1/ppl/m/n/10.95 an-li-sis PRS las
 []


Underfull \hbox (badness 10000) in paragraph at lines 117--117
\T1/ppl/m/n/10.95 no-ti-fi-ca-cio-nes pue-
 []


Underfull \hbox (badness 1253) in paragraph at lines 117--117
\T1/ppl/m/n/10.95 den ser por co-rreo
 []

LaTeX Info: Redefining \. on input line 118.
LaTeX Info: Redefining \% on input line 118.
[17]
LaTeX Info: Redefining \. on input line 118.
LaTeX Info: Redefining \% on input line 118.
 [18]
LaTeX Info: Redefining \. on input line 118.
LaTeX Info: Redefining \% on input line 118.
 [19]
Overfull \hbox (10.4572pt too wide) in paragraph at lines 128--128
[]|\T1/ppl/b/n/10.95 Prioridad| 
 []


Overfull \hbox (8.55678pt too wide) in paragraph at lines 128--128
[]|\T1/ppl/b/n/10.95 Dependencias| 
 []


Overfull \hbox (10.4572pt too wide) in paragraph at lines 134--134
[]|\T1/ppl/b/n/10.95 Prioridad| 
 []


Overfull \hbox (8.55678pt too wide) in paragraph at lines 134--134
[]|\T1/ppl/b/n/10.95 Dependencias| 
 []


Underfull \hbox (badness 4168) in paragraph at lines 144--144
[]|\T1/ppl/m/n/10.95 La au-ten-ti-ca-cin
 []


Underfull \hbox (badness 10000) in paragraph at lines 146--146
[]|\T1/ppl/m/n/10.95 Tiempo de
 []


Underfull \hbox (badness 10000) in paragraph at lines 146--146
\T1/ppl/m/n/10.95 car-ga de
 []


Underfull \hbox (badness 1168) in paragraph at lines 146--146
\T1/ppl/m/n/10.95 ci-pal de la apli-
 []


Underfull \hbox (badness 10000) in paragraph at lines 146--147
[]|\T1/ppl/m/n/10.95 HU02,
 []


Underfull \hbox (badness 10000) in paragraph at lines 148--148
[]|\T1/ppl/m/n/10.95 Valor de
 []


Underfull \hbox (badness 10000) in paragraph at lines 148--148
\T1/ppl/m/n/10.95 ren-di-mien-to
 []


Underfull \hbox (badness 10000) in paragraph at lines 148--148
[]|\T1/ppl/m/n/10.95 La apli-ca-cin
 []


Underfull \hbox (badness 10000) in paragraph at lines 148--148
\T1/ppl/m/n/10.95 de-be ob-te-ner
 []


Underfull \hbox (badness 10000) in paragraph at lines 148--148
\T1/ppl/m/n/10.95 una pun-tua-cin
 []


Underfull \hbox (badness 10000) in paragraph at lines 148--149
[]|\T1/ppl/m/n/10.95 HU02,
 []


Underfull \hbox (badness 10000) in paragraph at lines 150--150
[]|\T1/ppl/m/n/10.95 Interfaz
 []


Underfull \hbox (badness 3000) in paragraph at lines 150--150
[]|\T1/ppl/m/n/10.95 La UI de-be ser
 []


Underfull \hbox (badness 3068) in paragraph at lines 150--150
\T1/ppl/m/n/10.95 cla-ra y f-cil de
 []


Underfull \hbox (badness 10000) in paragraph at lines 150--150
\T1/ppl/m/n/10.95 usar pa-ra que
 []


Underfull \hbox (badness 1527) in paragraph at lines 150--150
\T1/ppl/m/n/10.95 se pue-dan rea-li-
 []


Underfull \hbox (badness 8132) in paragraph at lines 150--150
\T1/ppl/m/n/10.95 zar an-li-sis sin
 []


Underfull \hbox (badness 6477) in paragraph at lines 150--150
[]|\T1/ppl/m/n/10.95 RF-002, RF-
 []


Underfull \hbox (badness 10000) in paragraph at lines 150--151
[]|\T1/ppl/m/n/10.95 HU02,
 []



LaTeX Info: Redefining \. on input line 161.
LaTeX Info: Redefining \% on input line 161.
[20]

LaTeX Info: Redefining \. on input line 173.
LaTeX Info: Redefining \% on input line 173.
[21]
LaTeX Font Info:    Font shape `T1/cmtt/bx/n' in size <10.95> not available
(Font)              Font shape `T1/cmtt/m/n' tried instead on input line 181.


LaTeX Info: Redefining \. on input line 202.
LaTeX Info: Redefining \% on input line 202.
[22]

LaTeX Warning: Reference `fig:clases1' on page 23 undefined on input line 205.


LaTeX Warning: Reference `chap:investigación' on page 23 undefined on input line 205.


Overfull \hbox (14.18945pt too wide) in paragraph at lines 237--238
[]\T1/cmtt/m/n/10.95 Analysis_Config \T1/ppl/b/n/10.95 - \T1/cmtt/m/n/10.95 Population\T1/ppl/m/n/10.95 : La \T1/cmtt/m/n/10.95 Analysis_Config \T1/ppl/m/n/10.95 ha-ce re-fe-ren-cia a una \T1/cmtt/m/n/10.95 Population
 []



LaTeX Info: Redefining \. on input line 239.
LaTeX Info: Redefining \% on input line 239.
[23]

LaTeX Warning: File `tfgetsinf/images/Class Diagram0.pdf' not found on input line 246.


capitulos/3-Diseño de la solución/cap3_diseño_de_la_solución.tex:246: Package pdftex.def Error: File `tfgetsinf/images/Class Diagram0.pdf' not found: using draft setting.

See the pdftex.def package documentation for explanation.
Type  H <return>  for immediate help.
 ...                                              
                                                  
l.246 ...dth]{tfgetsinf/images/Class Diagram0.pdf}
                                                  
Try typing  <return>  to proceed.
If that doesn't work, type  X <return>  to quit.


LaTeX Warning: Reference `fig:clases2' on page 24 undefined on input line 251.



LaTeX Info: Redefining \. on input line 256.
LaTeX Info: Redefining \% on input line 256.
[24]

LaTeX Warning: File `tfgetsinf/images/Class Diagram1.pdf' not found on input line 267.


capitulos/3-Diseño de la solución/cap3_diseño_de_la_solución.tex:267: Package pdftex.def Error: File `tfgetsinf/images/Class Diagram1.pdf' not found: using draft setting.

See the pdftex.def package documentation for explanation.
Type  H <return>  for immediate help.
 ...                                              
                                                  
l.267 ...dth]{tfgetsinf/images/Class Diagram1.pdf}
                                                  
Try typing  <return>  to proceed.
If that doesn't work, type  X <return>  to quit.


LaTeX Warning: Reference `fig:clases3' on page 25 undefined on input line 272.



LaTeX Info: Redefining \. on input line 273.
LaTeX Info: Redefining \% on input line 273.
[25]
Overfull \hbox (7.98895pt too wide) in paragraph at lines 285--286
[]\T1/ppl/m/n/10.95 La cla-se \T1/cmtt/m/n/10.95 Patient\T1/ppl/m/n/10.95 , se ha en-ri-que-ci-do con \T1/cmtt/m/n/10.95 -genotypingMethod \T1/ppl/m/n/10.95 y \T1/cmtt/m/n/10.95 -DataFileFormat\T1/ppl/m/n/10.95 ,
 []



LaTeX Info: Redefining \. on input line 297.
LaTeX Info: Redefining \% on input line 297.
[26]

LaTeX Warning: File `tfgetsinf/images/Class Diagram2.pdf' not found on input line 308.


capitulos/3-Diseño de la solución/cap3_diseño_de_la_solución.tex:308: Package pdftex.def Error: File `tfgetsinf/images/Class Diagram2.pdf' not found: using draft setting.

See the pdftex.def package documentation for explanation.
Type  H <return>  for immediate help.
 ...                                              
                                                  
l.308 ...dth]{tfgetsinf/images/Class Diagram2.pdf}
                                                  
Try typing  <return>  to proceed.
If that doesn't work, type  X <return>  to quit.


Underfull \vbox (badness 10000) has occurred while \output is active []



LaTeX Info: Redefining \. on input line 312.
LaTeX Info: Redefining \% on input line 312.
[27]

LaTeX Warning: Reference `fig:highlevel' on page 28 undefined on input line 315.



LaTeX Info: Redefining \. on input line 327.
LaTeX Info: Redefining \% on input line 327.
[28]

LaTeX Warning: File `tfgetsinf/images/high level diagram_cropped.pdf' not found on input line 350.


capitulos/3-Diseño de la solución/cap3_diseño_de_la_solución.tex:350: Package pdftex.def Error: File `tfgetsinf/images/high level diagram_cropped.pdf' not found: using draft setting.

See the pdftex.def package documentation for explanation.
Type  H <return>  for immediate help.
 ...                                              
                                                  
l.350 ...nf/images/high level diagram_cropped.pdf}
                                                  
Try typing  <return>  to proceed.
If that doesn't work, type  X <return>  to quit.


Underfull \vbox (badness 10000) has occurred while \output is active []



LaTeX Info: Redefining \. on input line 354.
LaTeX Info: Redefining \% on input line 354.
[29]

LaTeX Warning: Reference `fig:componentes' on page 30 undefined on input line 358.



LaTeX Info: Redefining \. on input line 369.
LaTeX Info: Redefining \% on input line 369.
[30]
Overfull \hbox (8.02837pt too wide) in paragraph at lines 374--375
[]\T1/ppl/b/n/10.95 API (\T1/ppl/b/it/10.95 Next.js\T1/ppl/b/n/10.95 ): \T1/ppl/m/n/10.95 Pro-por-cio-na los \T1/ppl/m/it/10.95 end-points REST-ful \T1/ppl/m/n/10.95 que co-mu-ni-can el \T1/cmtt/m/n/10.95 frontend
 []


LaTeX Warning: File `tfgetsinf/images/Component Diagram.pdf' not found on input line 401.


capitulos/3-Diseño de la solución/cap3_diseño_de_la_solución.tex:401: Package pdftex.def Error: File `tfgetsinf/images/Component Diagram.pdf' not found: using draft setting.

See the pdftex.def package documentation for explanation.
Type  H <return>  for immediate help.
 ...                                              
                                                  
l.401 ...]{tfgetsinf/images/Component Diagram.pdf}
                                                  
Try typing  <return>  to proceed.
If that doesn't work, type  X <return>  to quit.



LaTeX Info: Redefining \. on input line 405.
LaTeX Info: Redefining \% on input line 405.
[31]

LaTeX Warning: Reference `fig:login' on page 32 undefined on input line 414.


Underfull \vbox (badness 6758) has occurred while \output is active []



LaTeX Info: Redefining \. on input line 426.
LaTeX Info: Redefining \% on input line 426.
[32]

LaTeX Warning: File `tfgetsinf/images/sequence log in.pdf' not found on input line 431.


capitulos/3-Diseño de la solución/cap3_diseño_de_la_solución.tex:431: Package pdftex.def Error: File `tfgetsinf/images/sequence log in.pdf' not found: using draft setting.

See the pdftex.def package documentation for explanation.
Type  H <return>  for immediate help.
 ...                                              
                                                  
l.431 ...th]{tfgetsinf/images/sequence log in.pdf}
                                                  
Try typing  <return>  to proceed.
If that doesn't work, type  X <return>  to quit.


LaTeX Warning: Reference `fig:config' on page 33 undefined on input line 437.



LaTeX Info: Redefining \. on input line 451.
LaTeX Info: Redefining \% on input line 451.
[33]

LaTeX Warning: File `tfgetsinf/images/sequence configuration.pdf' not found on input line 454.


capitulos/3-Diseño de la solución/cap3_diseño_de_la_solución.tex:454: Package pdftex.def Error: File `tfgetsinf/images/sequence configuration.pdf' not found: using draft setting.

See the pdftex.def package documentation for explanation.
Type  H <return>  for immediate help.
 ...                                              
                                                  
l.454 ...etsinf/images/sequence configuration.pdf}
                                                  
Try typing  <return>  to proceed.
If that doesn't work, type  X <return>  to quit.


LaTeX Warning: Reference `fig:exec' on page 34 undefined on input line 460.


Overfull \hbox (32.10689pt too wide) in paragraph at lines 473--474
\T1/cmtt/m/n/10.95 GenoPred \T1/ppl/m/n/10.95 no-ti-fi-ca al \T1/cmtt/m/n/10.95 Orchestrator \T1/ppl/m/n/10.95 que el an-li-sis ha fi-na-li-za-do. A con-ti-nua-cin, el \T1/cmtt/m/n/10.95 Orchestrator
 []


LaTeX Warning: File `tfgetsinf/images/sequence execution.pdf' not found on input line 477.


capitulos/3-Diseño de la solución/cap3_diseño_de_la_solución.tex:477: Package pdftex.def Error: File `tfgetsinf/images/sequence execution.pdf' not found: using draft setting.

See the pdftex.def package documentation for explanation.
Type  H <return>  for immediate help.
 ...                                              
                                                  
l.477 ...{tfgetsinf/images/sequence execution.pdf}
                                                  
Try typing  <return>  to proceed.
If that doesn't work, type  X <return>  to quit.


Underfull \vbox (badness 1460) has occurred while \output is active []



LaTeX Info: Redefining \. on input line 481.
LaTeX Info: Redefining \% on input line 481.
[34]

LaTeX Warning: Citation `fowler' on page 35 undefined on input line 485.



LaTeX Info: Redefining \. on input line 499.
LaTeX Info: Redefining \% on input line 499.
[35]

LaTeX Warning: Reference `fig:mockup-login' on page 36 undefined on input line 511.


LaTeX Warning: File `tfgetsinf/images/Log in.png' not found on input line 517.


capitulos/3-Diseño de la solución/cap3_diseño_de_la_solución.tex:517: Package pdftex.def Error: File `tfgetsinf/images/Log in.png' not found: using draft setting.

See the pdftex.def package documentation for explanation.
Type  H <return>  for immediate help.
 ...                                              
                                                  
l.517 ...1\textwidth]{tfgetsinf/images/Log in.png}
                                                  
Try typing  <return>  to proceed.
If that doesn't work, type  X <return>  to quit.


Underfull \vbox (badness 10000) has occurred while \output is active []



LaTeX Info: Redefining \. on input line 521.
LaTeX Info: Redefining \% on input line 521.
[36]

LaTeX Warning: Reference `fig:mockup-home' on page 37 undefined on input line 526.


LaTeX Warning: Reference `fig:mockup-filtros' on page 37 undefined on input line 526.


LaTeX Warning: File `tfgetsinf/images/Home.png' not found on input line 533.


capitulos/3-Diseño de la solución/cap3_diseño_de_la_solución.tex:533: Package pdftex.def Error: File `tfgetsinf/images/Home.png' not found: using draft setting.

See the pdftex.def package documentation for explanation.
Type  H <return>  for immediate help.
 ...                                              
                                                  
l.533 ...h=1\textwidth]{tfgetsinf/images/Home.png}
                                                  
Try typing  <return>  to proceed.
If that doesn't work, type  X <return>  to quit.


Underfull \vbox (badness 10000) has occurred while \output is active []



LaTeX Info: Redefining \. on input line 537.
LaTeX Info: Redefining \% on input line 537.
[37]

LaTeX Warning: Reference `fig:mockup-filtros' on page 38 undefined on input line 542.


LaTeX Warning: File `tfgetsinf/images/Filtros.png' not found on input line 548.


capitulos/3-Diseño de la solución/cap3_diseño_de_la_solución.tex:548: Package pdftex.def Error: File `tfgetsinf/images/Filtros.png' not found: using draft setting.

See the pdftex.def package documentation for explanation.
Type  H <return>  for immediate help.
 ...                                              
                                                  
l.548 ...\textwidth]{tfgetsinf/images/Filtros.png}
                                                  
Try typing  <return>  to proceed.
If that doesn't work, type  X <return>  to quit.


Underfull \vbox (badness 10000) has occurred while \output is active []



LaTeX Info: Redefining \. on input line 552.
LaTeX Info: Redefining \% on input line 552.
[38]

LaTeX Warning: Reference `fig:mockup-configuración' on page 39 undefined on input line 557.


LaTeX Warning: File `tfgetsinf/images/New analysis.png' not found on input line 563.


capitulos/3-Diseño de la solución/cap3_diseño_de_la_solución.tex:563: Package pdftex.def Error: File `tfgetsinf/images/New analysis.png' not found: using draft setting.

See the pdftex.def package documentation for explanation.
Type  H <return>  for immediate help.
 ...                                              
                                                  
l.563 ...width]{tfgetsinf/images/New analysis.png}
                                                  
Try typing  <return>  to proceed.
If that doesn't work, type  X <return>  to quit.


Underfull \vbox (badness 10000) has occurred while \output is active []



LaTeX Info: Redefining \. on input line 567.
LaTeX Info: Redefining \% on input line 567.
[39]

LaTeX Warning: Reference `fig:bd' on page 40 undefined on input line 579.



LaTeX Info: Redefining \. on input line 581.
LaTeX Info: Redefining \% on input line 581.
[40]

LaTeX Warning: Reference `fig:clases3' on page 41 undefined on input line 583.


LaTeX Warning: Reference `fig:bd' on page 41 undefined on input line 583.


LaTeX Warning: File `tfgetsinf/images/ORM Diagram1_cropped (1).pdf' not found on input line 600.


capitulos/3-Diseño de la solución/cap3_diseño_de_la_solución.tex:600: Package pdftex.def Error: File `tfgetsinf/images/ORM Diagram1_cropped (1).pdf' not found: using draft setting.

See the pdftex.def package documentation for explanation.
Type  H <return>  for immediate help.
 ...                                              
                                                  
l.600 ...sinf/images/ORM Diagram1_cropped (1).pdf}
                                                  
Try typing  <return>  to proceed.
If that doesn't work, type  X <return>  to quit.


Overfull \hbox (42.68173pt too wide) in paragraph at lines 600--601
 [][] 
 []


Underfull \vbox (badness 10000) has occurred while \output is active []



LaTeX Info: Redefining \. on input line 604.
LaTeX Info: Redefining \% on input line 604.
[41]

LaTeX Warning: Reference `fig:despliegue' on page 42 undefined on input line 608.


LaTeX Warning: File `tfgetsinf/images/Deployment Diagram.pdf' not found on input line 612.


capitulos/3-Diseño de la solución/cap3_diseño_de_la_solución.tex:612: Package pdftex.def Error: File `tfgetsinf/images/Deployment Diagram.pdf' not found: using draft setting.

See the pdftex.def package documentation for explanation.
Type  H <return>  for immediate help.
 ...                                              
                                                  
l.612 ...{tfgetsinf/images/Deployment Diagram.pdf}
                                                  
Try typing  <return>  to proceed.
If that doesn't work, type  X <return>  to quit.


Underfull \vbox (badness 10000) has occurred while \output is active []



LaTeX Info: Redefining \. on input line 616.
LaTeX Info: Redefining \% on input line 616.
[42]

LaTeX Info: Redefining \. on input line 630.
LaTeX Info: Redefining \% on input line 630.
[43]

LaTeX Info: Redefining \. on input line 658.
LaTeX Info: Redefining \% on input line 658.
[44]
LaTeX Font Info:    Font shape `T1/cmtt/bx/n' in size <12> not available
(Font)              Font shape `T1/cmtt/m/n' tried instead on input line 662.


LaTeX Warning: File `tfgetsinf/images/Log-in-_-PhenoScore.png' not found on input line 673.


capitulos/3-Diseño de la solución/cap3_diseño_de_la_solución.tex:673: Package pdftex.def Error: File `tfgetsinf/images/Log-in-_-PhenoScore.png' not found: using draft setting.

See the pdftex.def package documentation for explanation.
Type  H <return>  for immediate help.
 ...                                              
                                                  
l.673 ...tfgetsinf/images/Log-in-_-PhenoScore.png}
                                                  
Try typing  <return>  to proceed.
If that doesn't work, type  X <return>  to quit.


Underfull \vbox (badness 10000) has occurred while \output is active []



LaTeX Info: Redefining \. on input line 677.
LaTeX Info: Redefining \% on input line 677.
[45]

LaTeX Warning: File `tfgetsinf/images/home-1.png' not found on input line 685.


capitulos/3-Diseño de la solución/cap3_diseño_de_la_solución.tex:685: Package pdftex.def Error: File `tfgetsinf/images/home-1.png' not found: using draft setting.

See the pdftex.def package documentation for explanation.
Type  H <return>  for immediate help.
 ...                                              
                                                  
l.685 ...1\textwidth]{tfgetsinf/images/home-1.png}
                                                  
Try typing  <return>  to proceed.
If that doesn't work, type  X <return>  to quit.


Underfull \vbox (badness 10000) has occurred while \output is active []



LaTeX Info: Redefining \. on input line 689.
LaTeX Info: Redefining \% on input line 689.
[46]
Underfull \vbox (badness 2790) has occurred while \output is active []



LaTeX Info: Redefining \. on input line 697.
LaTeX Info: Redefining \% on input line 697.
[47]

LaTeX Warning: File `tfgetsinf/images/configuration-1.png' not found on input line 701.


capitulos/3-Diseño de la solución/cap3_diseño_de_la_solución.tex:701: Package pdftex.def Error: File `tfgetsinf/images/configuration-1.png' not found: using draft setting.

See the pdftex.def package documentation for explanation.
Type  H <return>  for immediate help.
 ...                                              
                                                  
l.701 ...th]{tfgetsinf/images/configuration-1.png}
                                                  
Try typing  <return>  to proceed.
If that doesn't work, type  X <return>  to quit.


Underfull \vbox (badness 1147) has occurred while \output is active []



LaTeX Info: Redefining \. on input line 711.
LaTeX Info: Redefining \% on input line 711.
[48]

LaTeX Warning: File `tfgetsinf/images/Phenoscore-notifications.png' not found on input line 716.


capitulos/3-Diseño de la solución/cap3_diseño_de_la_solución.tex:716: Package pdftex.def Error: File `tfgetsinf/images/Phenoscore-notifications.png' not found: using draft setting.

See the pdftex.def package documentation for explanation.
Type  H <return>  for immediate help.
 ...                                              
                                                  
l.716 ...sinf/images/Phenoscore-notifications.png}
                                                  
Try typing  <return>  to proceed.
If that doesn't work, type  X <return>  to quit.



LaTeX Info: Redefining \. on input line 728.
LaTeX Info: Redefining \% on input line 728.
[49]

LaTeX Info: Redefining \. on input line 750.
LaTeX Info: Redefining \% on input line 750.
[50]

LaTeX Info: Redefining \. on input line 788.
LaTeX Info: Redefining \% on input line 788.
[51]
Underfull \hbox (badness 10000) in paragraph at lines 792--793

 []



LaTeX Info: Redefining \. on input line 808.
LaTeX Info: Redefining \% on input line 808.
[52]

LaTeX Info: Redefining \. on input line 829.
LaTeX Info: Redefining \% on input line 829.
[53]) (capitulos/4-Validación de la solución/cap4_validación_de_la_solución.tex

LaTeX Info: Redefining \. on input line 1.
LaTeX Info: Redefining \% on input line 1.
[54]
Cap\'{\i }tulo 4.

LaTeX Warning: Citation `davis1989' on page 55 undefined on input line 11.



[55

]

LaTeX Info: Redefining \. on input line 63.
LaTeX Info: Redefining \% on input line 63.
[56]

LaTeX Info: Redefining \. on input line 120.
LaTeX Info: Redefining \% on input line 120.
[57]
Underfull \vbox (badness 10000) has occurred while \output is active []



LaTeX Info: Redefining \. on input line 162.
LaTeX Info: Redefining \% on input line 162.
[58]

LaTeX Warning: Reference `tab:validacion-funcional' on page 59 undefined on input line 170.



LaTeX Info: Redefining \. on input line 192.
LaTeX Info: Redefining \% on input line 192.
[59]

LaTeX Warning: Reference `fig:StackedChart' on page 60 undefined on input line 212.


LaTeX Warning: File `tfgetsinf/images/GraficaEncuesta.png' not found on input line 217.


capitulos/4-Validación de la solución/cap4_validación_de_la_solución.tex:217: Package pdftex.def Error: File `tfgetsinf/images/GraficaEncuesta.png' not found: using draft setting.

See the pdftex.def package documentation for explanation.
Type  H <return>  for immediate help.
 ...                                              
                                                  
l.217 ...th]{tfgetsinf/images/GraficaEncuesta.png}
                                                  
Try typing  <return>  to proceed.
If that doesn't work, type  X <return>  to quit.



LaTeX Info: Redefining \. on input line 221.
LaTeX Info: Redefining \% on input line 221.
[60]
Underfull \hbox (badness 5924) in paragraph at lines 229--229
[]|\T1/ppl/b/n/10.95 Mtodo de Va-li-da-
 []


Underfull \hbox (badness 6542) in paragraph at lines 229--229
[]|\T1/ppl/b/n/10.95 Criterio de Acep-ta-
 []


Underfull \hbox (badness 5924) in paragraph at lines 235--235
[]|\T1/ppl/b/n/10.95 Mtodo de Va-li-da-
 []


Underfull \hbox (badness 6542) in paragraph at lines 235--235
[]|\T1/ppl/b/n/10.95 Criterio de Acep-ta-
 []


Underfull \hbox (badness 10000) in paragraph at lines 254--254
[]|\T1/ppl/m/n/10.95 HU03, HU05-07:
 []


Underfull \hbox (badness 10000) in paragraph at lines 254--254
\T1/ppl/m/n/10.95 rios com-ple-ta el
 []


Underfull \hbox (badness 10000) in paragraph at lines 254--254
\T1/ppl/m/n/10.95 for-mu-la-rio de crea-
 []


Underfull \hbox (badness 2359) in paragraph at lines 254--254
\T1/ppl/m/n/10.95 cin y con-fi-gu-ra-cin
 []


Underfull \hbox (badness 10000) in paragraph at lines 256--256
[]|\T1/ppl/m/n/10.95 HU04: Ges-tin de
 []


Underfull \hbox (badness 5607) in paragraph at lines 260--260
[]|\T1/ppl/m/n/10.95 HU09: Vi-sua-li-za-cin
 []


Underfull \hbox (badness 2846) in paragraph at lines 260--260
\T1/ppl/m/n/10.95 rios ac-ce-de co-rrec-ta-
 []


Underfull \hbox (badness 1048) in paragraph at lines 260--260
\T1/ppl/m/n/10.95 men-te al in-for-me de
 []


Underfull \hbox (badness 10000) in paragraph at lines 262--262
[]|\T1/ppl/m/n/10.95 HU10: Ex-por-ta-cin
 []


Underfull \hbox (badness 2762) in paragraph at lines 268--268
\T1/ppl/m/n/10.95 vee-dor de iden-ti-dad
 []


Underfull \hbox (badness 10000) in paragraph at lines 272--272
[]|\T1/ppl/m/n/10.95 Auditora au-to-ma-ti-
 []


Underfull \hbox (badness 1173) in paragraph at lines 274--274
\T1/ppl/m/n/10.95 rios com-ple-ta las ta-
 []


Underfull \hbox (badness 2698) in paragraph at lines 278--278
[]|\T1/ppl/m/n/10.95 PEOU: Fa-ci-li-dad de
 []

LaTeX Info: Redefining \. on input line 287.
LaTeX Info: Redefining \% on input line 287.
[61]
LaTeX Info: Redefining \. on input line 287.
LaTeX Info: Redefining \% on input line 287.
 [62]) (capitulos/5-Conclusiones/cap5_conclusiones.tex

LaTeX Info: Redefining \. on input line 1.
LaTeX Info: Redefining \% on input line 1.
[63]

[64

]
Cap\'{\i }tulo 5.


[65]

LaTeX Info: Redefining \. on input line 56.
LaTeX Info: Redefining \% on input line 56.
[66]

LaTeX Warning: Citation `snakemake' on page 67 undefined on input line 57.



LaTeX Info: Redefining \. on input line 78.
LaTeX Info: Redefining \% on input line 78.
[67]

LaTeX Info: Redefining \. on input line 98.
LaTeX Info: Redefining \% on input line 98.
[68]

LaTeX Info: Redefining \. on input line 118.
LaTeX Info: Redefining \% on input line 118.
[69]

LaTeX Warning: Citation `martin' on page 70 undefined on input line 127.



LaTeX Info: Redefining \. on input line 144.
LaTeX Info: Redefining \% on input line 144.
[70]) (partes/bibliografia.tex

LaTeX Info: Redefining \. on input line 1.
LaTeX Info: Redefining \% on input line 1.
[71]

[72

]

[73]

LaTeX Info: Redefining \. on input line 129.
LaTeX Info: Redefining \% on input line 129.
[74])
Ap\'{e}ndice A.
<partes/Anexo_ODS_TFG.pdf, id=571, 614.295pt x 794.97pt>
File: partes/Anexo_ODS_TFG.pdf Graphic file (type pdf)
<use partes/Anexo_ODS_TFG.pdf>
Package pdftex.def Info: partes/Anexo_ODS_TFG.pdf  used on input line 144.
(pdftex.def)             Requested size: 614.29349pt x 794.96806pt.
<partes/Anexo_ODS_TFG.pdf, id=573, page=1, 614.295pt x 794.97pt>
File: partes/Anexo_ODS_TFG.pdf Graphic file (type pdf)
<use partes/Anexo_ODS_TFG.pdf, page 1>
Package pdftex.def Info: partes/Anexo_ODS_TFG.pdf , page1 used on input line 144.
(pdftex.def)             Requested size: 614.29349pt x 794.96806pt.
File: partes/Anexo_ODS_TFG.pdf Graphic file (type pdf)
<use partes/Anexo_ODS_TFG.pdf, page 1>
Package pdftex.def Info: partes/Anexo_ODS_TFG.pdf , page1 used on input line 144.
(pdftex.def)             Requested size: 597.78697pt x 773.60669pt.


[75


]
File: partes/Anexo_ODS_TFG.pdf Graphic file (type pdf)
<use partes/Anexo_ODS_TFG.pdf, page 1>
Package pdftex.def Info: partes/Anexo_ODS_TFG.pdf , page1 used on input line 144.
(pdftex.def)             Requested size: 597.78697pt x 773.60669pt.
File: partes/Anexo_ODS_TFG.pdf Graphic file (type pdf)
<use partes/Anexo_ODS_TFG.pdf, page 1>
Package pdftex.def Info: partes/Anexo_ODS_TFG.pdf , page1 used on input line 144.
(pdftex.def)             Requested size: 597.78697pt x 773.60669pt.


LaTeX Info: Redefining \. on input line 144.
LaTeX Info: Redefining \% on input line 144.
File: partes/Anexo_ODS_TFG.pdf Graphic file (type pdf)
<use partes/Anexo_ODS_TFG.pdf, page 1>
Package pdftex.def Info: partes/Anexo_ODS_TFG.pdf , page1 used on input line 144.
(pdftex.def)             Requested size: 597.78697pt x 773.60669pt.
[76

 <./partes/Anexo_ODS_TFG.pdf>]
<partes/Anexo_ODS_TFG.pdf, id=616, page=2, 614.295pt x 794.97pt>
File: partes/Anexo_ODS_TFG.pdf Graphic file (type pdf)
<use partes/Anexo_ODS_TFG.pdf, page 2>
Package pdftex.def Info: partes/Anexo_ODS_TFG.pdf , page2 used on input line 144.
(pdftex.def)             Requested size: 597.78697pt x 773.60669pt.
File: partes/Anexo_ODS_TFG.pdf Graphic file (type pdf)
<use partes/Anexo_ODS_TFG.pdf, page 2>
Package pdftex.def Info: partes/Anexo_ODS_TFG.pdf , page2 used on input line 144.
(pdftex.def)             Requested size: 597.78697pt x 773.60669pt.


File: partes/Anexo_ODS_TFG.pdf Graphic file (type pdf)
<use partes/Anexo_ODS_TFG.pdf, page 2>
Package pdftex.def Info: partes/Anexo_ODS_TFG.pdf , page2 used on input line 144.
(pdftex.def)             Requested size: 597.78697pt x 773.60669pt.
[77

 <./partes/Anexo_ODS_TFG.pdf>]
<partes/Anexo_ODS_TFG.pdf, id=622, page=3, 614.295pt x 794.97pt>
File: partes/Anexo_ODS_TFG.pdf Graphic file (type pdf)
<use partes/Anexo_ODS_TFG.pdf, page 3>
Package pdftex.def Info: partes/Anexo_ODS_TFG.pdf , page3 used on input line 144.
(pdftex.def)             Requested size: 597.78697pt x 773.60669pt.
File: partes/Anexo_ODS_TFG.pdf Graphic file (type pdf)
<use partes/Anexo_ODS_TFG.pdf, page 3>
Package pdftex.def Info: partes/Anexo_ODS_TFG.pdf , page3 used on input line 144.
(pdftex.def)             Requested size: 597.78697pt x 773.60669pt.


LaTeX Info: Redefining \. on input line 144.
LaTeX Info: Redefining \% on input line 144.
File: partes/Anexo_ODS_TFG.pdf Graphic file (type pdf)
<use partes/Anexo_ODS_TFG.pdf, page 3>
Package pdftex.def Info: partes/Anexo_ODS_TFG.pdf , page3 used on input line 144.
(pdftex.def)             Requested size: 597.78697pt x 773.60669pt.
[78

 <./partes/Anexo_ODS_TFG.pdf>]
<partes/Anexo_ODS_TFG.pdf, id=634, page=4, 614.295pt x 794.97pt>
File: partes/Anexo_ODS_TFG.pdf Graphic file (type pdf)
<use partes/Anexo_ODS_TFG.pdf, page 4>
Package pdftex.def Info: partes/Anexo_ODS_TFG.pdf , page4 used on input line 144.
(pdftex.def)             Requested size: 597.78697pt x 773.60669pt.
File: partes/Anexo_ODS_TFG.pdf Graphic file (type pdf)
<use partes/Anexo_ODS_TFG.pdf, page 4>
Package pdftex.def Info: partes/Anexo_ODS_TFG.pdf , page4 used on input line 144.
(pdftex.def)             Requested size: 597.78697pt x 773.60669pt.


File: partes/Anexo_ODS_TFG.pdf Graphic file (type pdf)
<use partes/Anexo_ODS_TFG.pdf, page 4>
Package pdftex.def Info: partes/Anexo_ODS_TFG.pdf , page4 used on input line 144.
(pdftex.def)             Requested size: 597.78697pt x 773.60669pt.
[79

 <./partes/Anexo_ODS_TFG.pdf>] (TFGsignes.aux
LaTeX Info: Redefining \. on input line 11.
LaTeX Info: Redefining \% on input line 11.
LaTeX Info: Redefining \. on input line 13.
LaTeX Info: Redefining \% on input line 13.
LaTeX Info: Redefining \. on input line 14.
LaTeX Info: Redefining \% on input line 14.
LaTeX Info: Redefining \. on input line 15.
LaTeX Info: Redefining \% on input line 15.
LaTeX Info: Redefining \. on input line 17.
LaTeX Info: Redefining \% on input line 17.
)
 ***********
LaTeX2e <2024-11-01> patch level 2
L3 programming layer <2025-03-26>
 ***********


LaTeX Warning: There were undefined references.


LaTeX Warning: Label(s) may have changed. Rerun to get cross-references right.


Package rerunfilecheck Warning: File `TFGsignes.out' has changed.
(rerunfilecheck)                Rerun to get outlines right
(rerunfilecheck)                or use package `bookmark'.

Package rerunfilecheck Info: Checksums for `TFGsignes.out':
(rerunfilecheck)             Before: <no file>
(rerunfilecheck)             After:  872465B0AFBA7D8747820277A2958E9A;10610.
 ) 
Here is how much of TeX's memory you used:
 30615 strings out of 469959
 604197 string characters out of 5469834
 1011503 words of memory out of 5000000
 56533 multiletter control sequences out of 15000+600000
 692805 words of font info for 160 fonts, out of 8000000 for 9000
 1141 hyphenation exceptions out of 8191
 90i,17n,93p,1134b,930s stack positions out of 10000i,1000n,20000p,200000b,200000s

pdfTeX warning (dest): name{Hfootnote.4} has been referenced but does not exist, replaced by a fixed one

 <C:\Users\angel\AppData\Local\MiKTeX\fonts/pk/ljfour/jknappen/ec/dpi600\ectt1200.pk> <C:\Users\angel\AppData\Local\MiKTeX\fonts/pk/ljfour/jknappen/ec/dpi600\ectt0900.pk> <C:\Users\angel\AppData\Local\MiKTeX\fonts/pk/ljfour/jknappen/ec/dpi600\ectt1000.pk> <C:\Users\angel\AppData\Local\MiKTeX\fonts/pk/ljfour/jknappen/ec/dpi600\ectt1095.pk> <C:\Users\angel\AppData\Local\MiKTeX\fonts/pk/ljfour/jknappen/ec/dpi600\ecss1095.pk> <C:\Users\angel\AppData\Local\MiKTeX\fonts/pk/ljfour/jknappen/ec/dpi600\ecsx1440.pk> <C:\Users\angel\AppData\Local\MiKTeX\fonts/pk/ljfour/jknappen/ec/dpi600\ecsx1728.pk> <C:\Users\angel\AppData\Local\MiKTeX\fonts/pk/ljfour/jknappen/ec/dpi600\ecsx2488.pk><C:/Users/angel/AppData/Local/Programs/MiKTeX/fonts/type1/public/amsfonts/cm/cmbx12.pfb><C:/Users/angel/AppData/Local/Programs/MiKTeX/fonts/type1/public/amsfonts/cm/cmr10.pfb><C:/Users/angel/AppData/Local/Programs/MiKTeX/fonts/type1/public/amsfonts/cm/cmr12.pfb><C:/Users/angel/AppData/Local/Programs/MiKTeX/fonts/type1/public/amsfonts/cm/cmr8.pfb><C:/Users/angel/AppData/Local/Programs/MiKTeX/fonts/type1/public/amsfonts/cm/cmsy10.pfb><C:/Users/angel/AppData/Local/Programs/MiKTeX/fonts/type1/public/mathpazo/fplmr.pfb><C:/Users/angel/AppData/Local/Programs/MiKTeX/fonts/type1/public/mathpazo/fplmri.pfb><C:/Users/angel/AppData/Local/Programs/MiKTeX/fonts/type1/urw/palatino/uplb8a.pfb><C:/Users/angel/AppData/Local/Programs/MiKTeX/fonts/type1/urw/palatino/uplbi8a.pfb><C:/Users/angel/AppData/Local/Programs/MiKTeX/fonts/type1/urw/palatino/uplr8a.pfb><C:/Users/angel/AppData/Local/Programs/MiKTeX/fonts/type1/urw/palatino/uplri8a.pfb><C:/Users/angel/AppData/Local/Programs/MiKTeX/fonts/type1/urw/zapfding/uzdr.pfb>
Output written on TFGsignes.pdf (89 pages, 2905812 bytes).
PDF statistics:
 1035 PDF objects out of 1200 (max. 8388607)
 271 named destinations out of 1000 (max. 500000)
 58 words of extra memory for PDF output out of 10000 (max. 10000000)

